{"C:\\Projects 2026\\job-listing-app\\frontend\\src\\routes\\ProtectedRoute.tsx": {"path":"C:\\Projects 2026\\job-listing-app\\frontend\\src\\routes\\ProtectedRoute.tsx","statementMap":{"0":{"start":{"line":6,"column":6},"end":{"line":17,"column":null}},"1":{"start":{"line":6,"column":23},"end":{"line":6,"column":24}},"2":{"start":{"line":6,"column":24},"end":{"line":6,"column":null}},"3":{"start":{"line":7,"column":2},"end":{"line":7,"column":null}},"4":{"start":{"line":9,"column":2},"end":{"line":10,"column":null}},"5":{"start":{"line":9,"column":19},"end":{"line":10,"column":null}},"6":{"start":{"line":10,"column":11},"end":{"line":10,"column":null}},"7":{"start":{"line":10,"column":37},"end":{"line":10,"column":null}},"8":{"start":{"line":10,"column":37},"end":{"line":10,"column":14}},"9":{"start":{"line":13,"column":2},"end":{"line":14,"column":null}},"10":{"start":{"line":13,"column":22},"end":{"line":14,"column":null}},"11":{"start":{"line":14,"column":11},"end":{"line":14,"column":38}},"12":{"start":{"line":14,"column":38},"end":{"line":14,"column":null}},"13":{"start":{"line":14,"column":38},"end":{"line":14,"column":12}},"14":{"start":{"line":15,"column":3},"end":{"line":17,"column":17}}},"fnMap":{"0":{"name":"(anonymous_0)","decl":{"start":{"line":6,"column":6},"end":{"line":6,"column":23}},"loc":{"start":{"line":6,"column":23},"end":{"line":17,"column":null}},"line":6}},"branchMap":{"0":{"loc":{"start":{"line":9,"column":2},"end":{"line":10,"column":null}},"type":"if","locations":[{"start":{"line":9,"column":2},"end":{"line":10,"column":null}},{"start":{},"end":{}}],"line":9},"1":{"loc":{"start":{"line":9,"column":19},"end":{"line":10,"column":null}},"type":"if","locations":[{"start":{"line":9,"column":19},"end":{"line":10,"column":null}},{"start":{"line":10,"column":37},"end":{"line":10,"column":null}}],"line":9},"2":{"loc":{"start":{"line":13,"column":2},"end":{"line":14,"column":null}},"type":"if","locations":[{"start":{"line":13,"column":2},"end":{"line":14,"column":null}},{"start":{},"end":{}}],"line":13},"3":{"loc":{"start":{"line":13,"column":22},"end":{"line":14,"column":null}},"type":"if","locations":[{"start":{"line":13,"column":22},"end":{"line":14,"column":null}},{"start":{"line":14,"column":38},"end":{"line":14,"column":null}}],"line":13}},"s":{"0":1,"1":3,"2":3,"3":3,"4":3,"5":1,"6":1,"7":0,"8":1,"9":2,"10":1,"11":1,"12":0,"13":1,"14":1},"f":{"0":3},"b":{"0":[1,2],"1":[1,0],"2":[1,1],"3":[1,0]},"meta":{"lastBranch":4,"lastFunction":1,"lastStatement":15,"seen":{"s:6:6:17:Infinity":0,"f:6:6:6:23":0,"s:6:23:6:24":1,"s:6:24:6:Infinity":2,"s:7:2:7:Infinity":3,"b:9:2:10:Infinity:undefined:undefined:undefined:undefined":0,"s:9:2:10:Infinity":4,"b:9:19:10:Infinity:10:37:10:Infinity":1,"s:9:19:10:Infinity":5,"s:10:11:10:Infinity":6,"s:10:37:10:Infinity":7,"s:10:37:10:14":8,"b:13:2:14:Infinity:undefined:undefined:undefined:undefined":2,"s:13:2:14:Infinity":9,"b:13:22:14:Infinity:14:38:14:Infinity":3,"s:13:22:14:Infinity":10,"s:14:11:14:38":11,"s:14:38:14:Infinity":12,"s:14:38:14:12":13,"s:15:3:17:17":14},"fnNames":{}}}
,"C:\\Projects 2026\\job-listing-app\\frontend\\src\\routes\\PublicRoute.tsx": {"path":"C:\\Projects 2026\\job-listing-app\\frontend\\src\\routes\\PublicRoute.tsx","statementMap":{"0":{"start":{"line":6,"column":6},"end":{"line":17,"column":null}},"1":{"start":{"line":6,"column":20},"end":{"line":6,"column":21}},"2":{"start":{"line":6,"column":21},"end":{"line":6,"column":null}},"3":{"start":{"line":7,"column":2},"end":{"line":7,"column":null}},"4":{"start":{"line":9,"column":2},"end":{"line":10,"column":null}},"5":{"start":{"line":9,"column":19},"end":{"line":10,"column":null}},"6":{"start":{"line":10,"column":11},"end":{"line":10,"column":null}},"7":{"start":{"line":10,"column":37},"end":{"line":10,"column":null}},"8":{"start":{"line":10,"column":37},"end":{"line":10,"column":14}},"9":{"start":{"line":13,"column":2},"end":{"line":14,"column":null}},"10":{"start":{"line":13,"column":21},"end":{"line":14,"column":null}},"11":{"start":{"line":14,"column":11},"end":{"line":14,"column":47}},"12":{"start":{"line":14,"column":47},"end":{"line":14,"column":null}},"13":{"start":{"line":14,"column":47},"end":{"line":14,"column":12}},"14":{"start":{"line":15,"column":3},"end":{"line":17,"column":17}}},"fnMap":{"0":{"name":"(anonymous_0)","decl":{"start":{"line":6,"column":6},"end":{"line":6,"column":20}},"loc":{"start":{"line":6,"column":20},"end":{"line":17,"column":null}},"line":6}},"branchMap":{"0":{"loc":{"start":{"line":9,"column":2},"end":{"line":10,"column":null}},"type":"if","locations":[{"start":{"line":9,"column":2},"end":{"line":10,"column":null}},{"start":{},"end":{}}],"line":9},"1":{"loc":{"start":{"line":9,"column":19},"end":{"line":10,"column":null}},"type":"if","locations":[{"start":{"line":9,"column":19},"end":{"line":10,"column":null}},{"start":{"line":10,"column":37},"end":{"line":10,"column":null}}],"line":9},"2":{"loc":{"start":{"line":13,"column":2},"end":{"line":14,"column":null}},"type":"if","locations":[{"start":{"line":13,"column":2},"end":{"line":14,"column":null}},{"start":{},"end":{}}],"line":13},"3":{"loc":{"start":{"line":13,"column":21},"end":{"line":14,"column":null}},"type":"if","locations":[{"start":{"line":13,"column":21},"end":{"line":14,"column":null}},{"start":{"line":14,"column":47},"end":{"line":14,"column":null}}],"line":13}},"s":{"0":1,"1":3,"2":3,"3":3,"4":3,"5":1,"6":1,"7":0,"8":1,"9":2,"10":1,"11":1,"12":0,"13":1,"14":1},"f":{"0":3},"b":{"0":[1,2],"1":[1,0],"2":[1,1],"3":[1,0]},"meta":{"lastBranch":4,"lastFunction":1,"lastStatement":15,"seen":{"s:6:6:17:Infinity":0,"f:6:6:6:20":0,"s:6:20:6:21":1,"s:6:21:6:Infinity":2,"s:7:2:7:Infinity":3,"b:9:2:10:Infinity:undefined:undefined:undefined:undefined":0,"s:9:2:10:Infinity":4,"b:9:19:10:Infinity:10:37:10:Infinity":1,"s:9:19:10:Infinity":5,"s:10:11:10:Infinity":6,"s:10:37:10:Infinity":7,"s:10:37:10:14":8,"b:13:2:14:Infinity:undefined:undefined:undefined:undefined":2,"s:13:2:14:Infinity":9,"b:13:21:14:Infinity:14:47:14:Infinity":3,"s:13:21:14:Infinity":10,"s:14:11:14:47":11,"s:14:47:14:Infinity":12,"s:14:47:14:12":13,"s:15:3:17:17":14},"fnNames":{}}}
,"C:\\Projects 2026\\job-listing-app\\frontend\\src\\services\\applications.service.ts": {"path":"C:\\Projects 2026\\job-listing-app\\frontend\\src\\services\\applications.service.ts","statementMap":{"0":{"start":{"line":4,"column":33},"end":{"line":8,"column":null}},"1":{"start":{"line":5,"column":19},"end":{"line":5,"column":null}},"2":{"start":{"line":7,"column":2},"end":{"line":7,"column":null}},"3":{"start":{"line":10,"column":33},"end":{"line":14,"column":null}},"4":{"start":{"line":11,"column":19},"end":{"line":11,"column":null}},"5":{"start":{"line":13,"column":2},"end":{"line":13,"column":null}},"6":{"start":{"line":16,"column":38},"end":{"line":20,"column":null}},"7":{"start":{"line":17,"column":19},"end":{"line":17,"column":null}},"8":{"start":{"line":19,"column":2},"end":{"line":19,"column":null}},"9":{"start":{"line":22,"column":39},"end":{"line":29,"column":null}},"10":{"start":{"line":26,"column":19},"end":{"line":26,"column":null}},"11":{"start":{"line":28,"column":2},"end":{"line":28,"column":null}}},"fnMap":{"0":{"name":"(anonymous_0)","decl":{"start":{"line":4,"column":33},"end":{"line":4,"column":69}},"loc":{"start":{"line":4,"column":69},"end":{"line":8,"column":null}},"line":4},"1":{"name":"(anonymous_1)","decl":{"start":{"line":10,"column":33},"end":{"line":10,"column":40}},"loc":{"start":{"line":10,"column":94},"end":{"line":14,"column":null}},"line":10},"2":{"name":"(anonymous_2)","decl":{"start":{"line":16,"column":38},"end":{"line":16,"column":45}},"loc":{"start":{"line":16,"column":91},"end":{"line":20,"column":null}},"line":16},"3":{"name":"(anonymous_3)","decl":{"start":{"line":22,"column":39},"end":{"line":22,"column":null}},"loc":{"start":{"line":25,"column":27},"end":{"line":29,"column":null}},"line":25}},"branchMap":{},"s":{"0":1,"1":1,"2":1,"3":1,"4":1,"5":1,"6":1,"7":2,"8":1,"9":1,"10":1,"11":1},"f":{"0":1,"1":1,"2":2,"3":1},"b":{},"meta":{"lastBranch":0,"lastFunction":4,"lastStatement":12,"seen":{"s:4:33:8:Infinity":0,"f:4:33:4:69":0,"s:5:19:5:Infinity":1,"s:7:2:7:Infinity":2,"s:10:33:14:Infinity":3,"f:10:33:10:40":1,"s:11:19:11:Infinity":4,"s:13:2:13:Infinity":5,"s:16:38:20:Infinity":6,"f:16:38:16:45":2,"s:17:19:17:Infinity":7,"s:19:2:19:Infinity":8,"s:22:39:29:Infinity":9,"f:22:39:22:Infinity":3,"s:26:19:26:Infinity":10,"s:28:2:28:Infinity":11},"fnNames":{}}}
,"C:\\Projects 2026\\job-listing-app\\frontend\\src\\services\\auth.service.ts": {"path":"C:\\Projects 2026\\job-listing-app\\frontend\\src\\services\\auth.service.ts","statementMap":{"0":{"start":{"line":4,"column":26},"end":{"line":8,"column":null}},"1":{"start":{"line":5,"column":19},"end":{"line":5,"column":null}},"2":{"start":{"line":7,"column":2},"end":{"line":7,"column":null}},"3":{"start":{"line":10,"column":25},"end":{"line":16,"column":null}},"4":{"start":{"line":13,"column":19},"end":{"line":13,"column":null}},"5":{"start":{"line":15,"column":2},"end":{"line":15,"column":null}},"6":{"start":{"line":18,"column":34},"end":{"line":25,"column":null}},"7":{"start":{"line":22,"column":19},"end":{"line":22,"column":null}},"8":{"start":{"line":24,"column":2},"end":{"line":24,"column":null}},"9":{"start":{"line":27,"column":26},"end":{"line":31,"column":null}},"10":{"start":{"line":28,"column":19},"end":{"line":28,"column":null}},"11":{"start":{"line":30,"column":2},"end":{"line":30,"column":null}}},"fnMap":{"0":{"name":"(anonymous_0)","decl":{"start":{"line":4,"column":26},"end":{"line":4,"column":33}},"loc":{"start":{"line":4,"column":60},"end":{"line":8,"column":null}},"line":4},"1":{"name":"(anonymous_1)","decl":{"start":{"line":10,"column":25},"end":{"line":10,"column":null}},"loc":{"start":{"line":12,"column":51},"end":{"line":16,"column":null}},"line":12},"2":{"name":"(anonymous_2)","decl":{"start":{"line":18,"column":34},"end":{"line":18,"column":null}},"loc":{"start":{"line":21,"column":6},"end":{"line":25,"column":null}},"line":21},"3":{"name":"(anonymous_3)","decl":{"start":{"line":27,"column":26},"end":{"line":27,"column":38}},"loc":{"start":{"line":27,"column":38},"end":{"line":31,"column":null}},"line":27}},"branchMap":{},"s":{"0":1,"1":1,"2":1,"3":1,"4":1,"5":1,"6":1,"7":1,"8":1,"9":1,"10":2,"11":1},"f":{"0":1,"1":1,"2":1,"3":2},"b":{},"meta":{"lastBranch":0,"lastFunction":4,"lastStatement":12,"seen":{"s:4:26:8:Infinity":0,"f:4:26:4:33":0,"s:5:19:5:Infinity":1,"s:7:2:7:Infinity":2,"s:10:25:16:Infinity":3,"f:10:25:10:Infinity":1,"s:13:19:13:Infinity":4,"s:15:2:15:Infinity":5,"s:18:34:25:Infinity":6,"f:18:34:18:Infinity":2,"s:22:19:22:Infinity":7,"s:24:2:24:Infinity":8,"s:27:26:31:Infinity":9,"f:27:26:27:38":3,"s:28:19:28:Infinity":10,"s:30:2:30:Infinity":11},"fnNames":{}}}
,"C:\\Projects 2026\\job-listing-app\\frontend\\src\\services\\companies.service.ts": {"path":"C:\\Projects 2026\\job-listing-app\\frontend\\src\\services\\companies.service.ts","statementMap":{"0":{"start":{"line":4,"column":28},"end":{"line":8,"column":null}},"1":{"start":{"line":5,"column":19},"end":{"line":5,"column":null}},"2":{"start":{"line":7,"column":2},"end":{"line":7,"column":null}},"3":{"start":{"line":10,"column":29},"end":{"line":14,"column":null}},"4":{"start":{"line":11,"column":19},"end":{"line":11,"column":null}},"5":{"start":{"line":13,"column":2},"end":{"line":13,"column":null}}},"fnMap":{"0":{"name":"(anonymous_0)","decl":{"start":{"line":4,"column":28},"end":{"line":4,"column":60}},"loc":{"start":{"line":4,"column":60},"end":{"line":8,"column":null}},"line":4},"1":{"name":"(anonymous_1)","decl":{"start":{"line":10,"column":29},"end":{"line":10,"column":36}},"loc":{"start":{"line":10,"column":82},"end":{"line":14,"column":null}},"line":10}},"branchMap":{},"s":{"0":1,"1":1,"2":1,"3":1,"4":2,"5":1},"f":{"0":1,"1":2},"b":{},"meta":{"lastBranch":0,"lastFunction":2,"lastStatement":6,"seen":{"s:4:28:8:Infinity":0,"f:4:28:4:60":0,"s:5:19:5:Infinity":1,"s:7:2:7:Infinity":2,"s:10:29:14:Infinity":3,"f:10:29:10:36":1,"s:11:19:11:Infinity":4,"s:13:2:13:Infinity":5},"fnNames":{}}}
,"C:\\Projects 2026\\job-listing-app\\frontend\\src\\services\\jobs.service.ts": {"path":"C:\\Projects 2026\\job-listing-app\\frontend\\src\\services\\jobs.service.ts","statementMap":{"0":{"start":{"line":4,"column":23},"end":{"line":18,"column":null}},"1":{"start":{"line":9,"column":19},"end":{"line":15,"column":null}},"2":{"start":{"line":17,"column":2},"end":{"line":17,"column":null}},"3":{"start":{"line":20,"column":25},"end":{"line":24,"column":null}},"4":{"start":{"line":21,"column":19},"end":{"line":21,"column":null}},"5":{"start":{"line":23,"column":2},"end":{"line":23,"column":null}}},"fnMap":{"0":{"name":"(anonymous_0)","decl":{"start":{"line":4,"column":23},"end":{"line":4,"column":null}},"loc":{"start":{"line":8,"column":37},"end":{"line":18,"column":null}},"line":8},"1":{"name":"(anonymous_1)","decl":{"start":{"line":20,"column":25},"end":{"line":20,"column":32}},"loc":{"start":{"line":20,"column":70},"end":{"line":24,"column":null}},"line":20}},"branchMap":{"0":{"loc":{"start":{"line":5,"column":2},"end":{"line":5,"column":null}},"type":"default-arg","locations":[{"start":{"line":5,"column":10},"end":{"line":5,"column":null}}],"line":5}},"s":{"0":1,"1":2,"2":2,"3":1,"4":1,"5":1},"f":{"0":2,"1":1},"b":{"0":[2]},"meta":{"lastBranch":1,"lastFunction":2,"lastStatement":6,"seen":{"s:4:23:18:Infinity":0,"f:4:23:4:Infinity":0,"b:5:10:5:Infinity":0,"s:9:19:15:Infinity":1,"s:17:2:17:Infinity":2,"s:20:25:24:Infinity":3,"f:20:25:20:32":1,"s:21:19:21:Infinity":4,"s:23:2:23:Infinity":5},"fnNames":{}}}
,"C:\\Projects 2026\\job-listing-app\\frontend\\src\\services\\posts.service.ts": {"path":"C:\\Projects 2026\\job-listing-app\\frontend\\src\\services\\posts.service.ts","statementMap":{"0":{"start":{"line":8,"column":26},"end":{"line":11,"column":null}},"1":{"start":{"line":9,"column":19},"end":{"line":9,"column":null}},"2":{"start":{"line":10,"column":2},"end":{"line":10,"column":null}},"3":{"start":{"line":13,"column":27},"end":{"line":31,"column":null}},"4":{"start":{"line":17,"column":19},"end":{"line":17,"column":null}},"5":{"start":{"line":18,"column":15},"end":{"line":18,"column":null}},"6":{"start":{"line":20,"column":2},"end":{"line":22,"column":null}},"7":{"start":{"line":21,"column":4},"end":{"line":21,"column":null}},"8":{"start":{"line":24,"column":2},"end":{"line":30,"column":null}},"9":{"start":{"line":33,"column":27},"end":{"line":36,"column":null}},"10":{"start":{"line":34,"column":19},"end":{"line":34,"column":null}},"11":{"start":{"line":35,"column":2},"end":{"line":35,"column":null}},"12":{"start":{"line":38,"column":26},"end":{"line":43,"column":null}},"13":{"start":{"line":42,"column":2},"end":{"line":42,"column":null}}},"fnMap":{"0":{"name":"(anonymous_0)","decl":{"start":{"line":8,"column":26},"end":{"line":8,"column":33}},"loc":{"start":{"line":8,"column":79},"end":{"line":11,"column":null}},"line":8},"1":{"name":"(anonymous_1)","decl":{"start":{"line":13,"column":27},"end":{"line":13,"column":34}},"loc":{"start":{"line":16,"column":39},"end":{"line":31,"column":null}},"line":16},"2":{"name":"(anonymous_2)","decl":{"start":{"line":33,"column":27},"end":{"line":33,"column":34}},"loc":{"start":{"line":33,"column":64},"end":{"line":36,"column":null}},"line":33},"3":{"name":"(anonymous_3)","decl":{"start":{"line":38,"column":26},"end":{"line":38,"column":null}},"loc":{"start":{"line":41,"column":20},"end":{"line":43,"column":null}},"line":41}},"branchMap":{"0":{"loc":{"start":{"line":20,"column":2},"end":{"line":22,"column":null}},"type":"if","locations":[{"start":{"line":20,"column":2},"end":{"line":22,"column":null}},{"start":{},"end":{}}],"line":20},"1":{"loc":{"start":{"line":20,"column":6},"end":{"line":20,"column":47}},"type":"binary-expr","locations":[{"start":{"line":20,"column":6},"end":{"line":20,"column":30}},{"start":{"line":20,"column":30},"end":{"line":20,"column":47}}],"line":20},"2":{"loc":{"start":{"line":25,"column":11},"end":{"line":25,"column":null}},"type":"binary-expr","locations":[{"start":{"line":25,"column":11},"end":{"line":25,"column":25}},{"start":{"line":25,"column":25},"end":{"line":25,"column":null}}],"line":25},"3":{"loc":{"start":{"line":40,"column":2},"end":{"line":40,"column":null}},"type":"default-arg","locations":[{"start":{"line":40,"column":15},"end":{"line":40,"column":null}}],"line":40}},"s":{"0":1,"1":1,"2":1,"3":1,"4":2,"5":2,"6":2,"7":1,"8":1,"9":1,"10":1,"11":1,"12":1,"13":2},"f":{"0":1,"1":2,"2":1,"3":2},"b":{"0":[1,1],"1":[2,1],"2":[1,0],"3":[2]},"meta":{"lastBranch":4,"lastFunction":4,"lastStatement":14,"seen":{"s:8:26:11:Infinity":0,"f:8:26:8:33":0,"s:9:19:9:Infinity":1,"s:10:2:10:Infinity":2,"s:13:27:31:Infinity":3,"f:13:27:13:34":1,"s:17:19:17:Infinity":4,"s:18:15:18:Infinity":5,"b:20:2:22:Infinity:undefined:undefined:undefined:undefined":0,"s:20:2:22:Infinity":6,"b:20:6:20:30:20:30:20:47":1,"s:21:4:21:Infinity":7,"s:24:2:30:Infinity":8,"b:25:11:25:25:25:25:25:Infinity":2,"s:33:27:36:Infinity":9,"f:33:27:33:34":2,"s:34:19:34:Infinity":10,"s:35:2:35:Infinity":11,"s:38:26:43:Infinity":12,"f:38:26:38:Infinity":3,"b:40:15:40:Infinity":3,"s:42:2:42:Infinity":13},"fnNames":{}}}
,"C:\\Projects 2026\\job-listing-app\\frontend\\src\\services\\uploads.service.ts": {"path":"C:\\Projects 2026\\job-listing-app\\frontend\\src\\services\\uploads.service.ts","statementMap":{"0":{"start":{"line":4,"column":32},"end":{"line":4,"column":null}},"1":{"start":{"line":5,"column":29},"end":{"line":5,"column":null}},"2":{"start":{"line":13,"column":27},"end":{"line":26,"column":null}},"3":{"start":{"line":14,"column":2},"end":{"line":16,"column":null}},"4":{"start":{"line":15,"column":4},"end":{"line":15,"column":null}},"5":{"start":{"line":18,"column":19},"end":{"line":23,"column":null}},"6":{"start":{"line":25,"column":2},"end":{"line":25,"column":null}},"7":{"start":{"line":28,"column":30},"end":{"line":40,"column":null}},"8":{"start":{"line":29,"column":19},"end":{"line":35,"column":null}},"9":{"start":{"line":37,"column":2},"end":{"line":39,"column":null}},"10":{"start":{"line":38,"column":4},"end":{"line":38,"column":null}},"11":{"start":{"line":42,"column":6},"end":{"line":48,"column":null}},"12":{"start":{"line":43,"column":2},"end":{"line":45,"column":null}},"13":{"start":{"line":44,"column":4},"end":{"line":44,"column":null}},"14":{"start":{"line":47,"column":2},"end":{"line":47,"column":null}},"15":{"start":{"line":50,"column":31},"end":{"line":63,"column":null}},"16":{"start":{"line":53,"column":24},"end":{"line":53,"column":null}},"17":{"start":{"line":54,"column":2},"end":{"line":54,"column":null}},"18":{"start":{"line":56,"column":2},"end":{"line":62,"column":null}}},"fnMap":{"0":{"name":"(anonymous_0)","decl":{"start":{"line":13,"column":27},"end":{"line":13,"column":34}},"loc":{"start":{"line":13,"column":49},"end":{"line":26,"column":null}},"line":13},"1":{"name":"(anonymous_1)","decl":{"start":{"line":28,"column":30},"end":{"line":28,"column":37}},"loc":{"start":{"line":28,"column":71},"end":{"line":40,"column":null}},"line":28},"2":{"name":"(anonymous_2)","decl":{"start":{"line":42,"column":6},"end":{"line":42,"column":33}},"loc":{"start":{"line":42,"column":50},"end":{"line":48,"column":null}},"line":42},"3":{"name":"(anonymous_3)","decl":{"start":{"line":50,"column":31},"end":{"line":50,"column":null}},"loc":{"start":{"line":52,"column":91},"end":{"line":63,"column":null}},"line":52}},"branchMap":{"0":{"loc":{"start":{"line":14,"column":2},"end":{"line":16,"column":null}},"type":"if","locations":[{"start":{"line":14,"column":2},"end":{"line":16,"column":null}},{"start":{},"end":{}}],"line":14},"1":{"loc":{"start":{"line":37,"column":2},"end":{"line":39,"column":null}},"type":"if","locations":[{"start":{"line":37,"column":2},"end":{"line":39,"column":null}},{"start":{},"end":{}}],"line":37},"2":{"loc":{"start":{"line":43,"column":2},"end":{"line":45,"column":null}},"type":"if","locations":[{"start":{"line":43,"column":2},"end":{"line":45,"column":null}},{"start":{},"end":{}}],"line":43},"3":{"loc":{"start":{"line":59,"column":15},"end":{"line":59,"column":null}},"type":"cond-expr","locations":[{"start":{"line":59,"column":48},"end":{"line":59,"column":58}},{"start":{"line":59,"column":58},"end":{"line":59,"column":null}}],"line":59}},"s":{"0":1,"1":1,"2":1,"3":5,"4":1,"5":4,"6":4,"7":1,"8":4,"9":4,"10":1,"11":1,"12":3,"13":1,"14":2,"15":1,"16":5,"17":4,"18":3},"f":{"0":5,"1":4,"2":3,"3":5},"b":{"0":[1,4],"1":[1,3],"2":[1,2],"3":[1,1]},"meta":{"lastBranch":4,"lastFunction":4,"lastStatement":19,"seen":{"s:4:32:4:Infinity":0,"s:5:29:5:Infinity":1,"s:13:27:26:Infinity":2,"f:13:27:13:34":0,"b:14:2:16:Infinity:undefined:undefined:undefined:undefined":0,"s:14:2:16:Infinity":3,"s:15:4:15:Infinity":4,"s:18:19:23:Infinity":5,"s:25:2:25:Infinity":6,"s:28:30:40:Infinity":7,"f:28:30:28:37":1,"s:29:19:35:Infinity":8,"b:37:2:39:Infinity:undefined:undefined:undefined:undefined":1,"s:37:2:39:Infinity":9,"s:38:4:38:Infinity":10,"s:42:6:48:Infinity":11,"f:42:6:42:33":2,"b:43:2:45:Infinity:undefined:undefined:undefined:undefined":2,"s:43:2:45:Infinity":12,"s:44:4:44:Infinity":13,"s:47:2:47:Infinity":14,"s:50:31:63:Infinity":15,"f:50:31:50:Infinity":3,"s:53:24:53:Infinity":16,"s:54:2:54:Infinity":17,"s:56:2:62:Infinity":18,"b:59:48:59:58:59:58:59:Infinity":3},"fnNames":{}}}
,"C:\\Projects 2026\\job-listing-app\\frontend\\src\\utils\\authSession.ts": {"path":"C:\\Projects 2026\\job-listing-app\\frontend\\src\\utils\\authSession.ts","statementMap":{"0":{"start":{"line":1,"column":31},"end":{"line":1,"column":null}},"1":{"start":{"line":3,"column":26},"end":{"line":3,"column":null}},"2":{"start":{"line":5,"column":13},"end":{"line":7,"column":null}},"3":{"start":{"line":6,"column":2},"end":{"line":6,"column":null}},"4":{"start":{"line":9,"column":13},"end":{"line":11,"column":null}},"5":{"start":{"line":10,"column":2},"end":{"line":10,"column":null}},"6":{"start":{"line":13,"column":13},"end":{"line":17,"column":null}},"7":{"start":{"line":14,"column":25},"end":{"line":14,"column":null}},"8":{"start":{"line":16,"column":2},"end":{"line":16,"column":null}},"9":{"start":{"line":19,"column":13},"end":{"line":23,"column":null}},"10":{"start":{"line":20,"column":25},"end":{"line":20,"column":null}},"11":{"start":{"line":22,"column":2},"end":{"line":22,"column":null}},"12":{"start":{"line":25,"column":13},"end":{"line":33,"column":null}},"13":{"start":{"line":26,"column":25},"end":{"line":26,"column":null}},"14":{"start":{"line":28,"column":2},"end":{"line":30,"column":null}},"15":{"start":{"line":29,"column":4},"end":{"line":29,"column":null}},"16":{"start":{"line":32,"column":2},"end":{"line":32,"column":null}}},"fnMap":{"0":{"name":"(anonymous_0)","decl":{"start":{"line":5,"column":13},"end":{"line":5,"column":41}},"loc":{"start":{"line":5,"column":41},"end":{"line":7,"column":null}},"line":5},"1":{"name":"(anonymous_1)","decl":{"start":{"line":9,"column":13},"end":{"line":9,"column":42}},"loc":{"start":{"line":9,"column":42},"end":{"line":11,"column":null}},"line":9},"2":{"name":"(anonymous_2)","decl":{"start":{"line":13,"column":13},"end":{"line":13,"column":39}},"loc":{"start":{"line":13,"column":39},"end":{"line":17,"column":null}},"line":13},"3":{"name":"(anonymous_3)","decl":{"start":{"line":19,"column":13},"end":{"line":19,"column":42}},"loc":{"start":{"line":19,"column":42},"end":{"line":23,"column":null}},"line":19},"4":{"name":"(anonymous_4)","decl":{"start":{"line":25,"column":13},"end":{"line":25,"column":42}},"loc":{"start":{"line":25,"column":42},"end":{"line":33,"column":null}},"line":25}},"branchMap":{"0":{"loc":{"start":{"line":16,"column":9},"end":{"line":16,"column":null}},"type":"cond-expr","locations":[{"start":{"line":16,"column":43},"end":{"line":16,"column":60}},{"start":{"line":16,"column":60},"end":{"line":16,"column":null}}],"line":16},"1":{"loc":{"start":{"line":22,"column":9},"end":{"line":22,"column":null}},"type":"binary-expr","locations":[{"start":{"line":22,"column":9},"end":{"line":22,"column":29}},{"start":{"line":22,"column":29},"end":{"line":22,"column":null}}],"line":22},"2":{"loc":{"start":{"line":28,"column":2},"end":{"line":30,"column":null}},"type":"if","locations":[{"start":{"line":28,"column":2},"end":{"line":30,"column":null}},{"start":{},"end":{}}],"line":28}},"s":{"0":1,"1":1,"2":1,"3":1,"4":1,"5":1,"6":1,"7":9,"8":9,"9":1,"10":3,"11":3,"12":1,"13":3,"14":3,"15":1,"16":2},"f":{"0":1,"1":1,"2":9,"3":3,"4":3},"b":{"0":[8,1],"1":[3,2],"2":[1,2]},"meta":{"lastBranch":3,"lastFunction":5,"lastStatement":17,"seen":{"s:1:31:1:Infinity":0,"s:3:26:3:Infinity":1,"s:5:13:7:Infinity":2,"f:5:13:5:41":0,"s:6:2:6:Infinity":3,"s:9:13:11:Infinity":4,"f:9:13:9:42":1,"s:10:2:10:Infinity":5,"s:13:13:17:Infinity":6,"f:13:13:13:39":2,"s:14:25:14:Infinity":7,"s:16:2:16:Infinity":8,"b:16:43:16:60:16:60:16:Infinity":0,"s:19:13:23:Infinity":9,"f:19:13:19:42":3,"s:20:25:20:Infinity":10,"s:22:2:22:Infinity":11,"b:22:9:22:29:22:29:22:Infinity":1,"s:25:13:33:Infinity":12,"f:25:13:25:42":4,"s:26:25:26:Infinity":13,"b:28:2:30:Infinity:undefined:undefined:undefined:undefined":2,"s:28:2:30:Infinity":14,"s:29:4:29:Infinity":15,"s:32:2:32:Infinity":16},"fnNames":{}}}
,"C:\\Projects 2026\\job-listing-app\\frontend\\src\\utils\\dashboard.utils.ts": {"path":"C:\\Projects 2026\\job-listing-app\\frontend\\src\\utils\\dashboard.utils.ts","statementMap":{"0":{"start":{"line":3,"column":13},"end":{"line":6,"column":null}},"1":{"start":{"line":4,"column":2},"end":{"line":6,"column":null}},"2":{"start":{"line":8,"column":13},"end":{"line":8,"column":null}},"3":{"start":{"line":8,"column":48},"end":{"line":8,"column":null}},"4":{"start":{"line":10,"column":13},"end":{"line":10,"column":null}},"5":{"start":{"line":10,"column":63},"end":{"line":10,"column":null}},"6":{"start":{"line":12,"column":69},"end":{"line":18,"column":null}}},"fnMap":{"0":{"name":"(anonymous_0)","decl":{"start":{"line":3,"column":13},"end":{"line":3,"column":29}},"loc":{"start":{"line":4,"column":2},"end":{"line":6,"column":null}},"line":4},"1":{"name":"(anonymous_1)","decl":{"start":{"line":8,"column":13},"end":{"line":8,"column":29}},"loc":{"start":{"line":8,"column":48},"end":{"line":8,"column":null}},"line":8},"2":{"name":"(anonymous_2)","decl":{"start":{"line":10,"column":13},"end":{"line":10,"column":34}},"loc":{"start":{"line":10,"column":63},"end":{"line":10,"column":null}},"line":10}},"branchMap":{"0":{"loc":{"start":{"line":4,"column":2},"end":{"line":6,"column":null}},"type":"cond-expr","locations":[{"start":{"line":5,"column":6},"end":{"line":5,"column":null}},{"start":{"line":6,"column":6},"end":{"line":6,"column":null}}],"line":4},"1":{"loc":{"start":{"line":4,"column":2},"end":{"line":4,"column":null}},"type":"binary-expr","locations":[{"start":{"line":4,"column":2},"end":{"line":4,"column":19}},{"start":{"line":4,"column":19},"end":{"line":4,"column":null}}],"line":4},"2":{"loc":{"start":{"line":5,"column":9},"end":{"line":5,"column":32}},"type":"binary-expr","locations":[{"start":{"line":5,"column":9},"end":{"line":5,"column":26}},{"start":{"line":5,"column":26},"end":{"line":5,"column":32}}],"line":5},"3":{"loc":{"start":{"line":5,"column":38},"end":{"line":5,"column":null}},"type":"binary-expr","locations":[{"start":{"line":5,"column":38},"end":{"line":5,"column":55}},{"start":{"line":5,"column":55},"end":{"line":5,"column":null}}],"line":5}},"s":{"0":1,"1":4,"2":1,"3":1,"4":1,"5":1,"6":1},"f":{"0":4,"1":1,"2":1},"b":{"0":[3,1],"1":[4,2],"2":[3,1],"3":[3,1]},"meta":{"lastBranch":4,"lastFunction":3,"lastStatement":7,"seen":{"s:3:13:6:Infinity":0,"f:3:13:3:29":0,"s:4:2:6:Infinity":1,"b:5:6:5:Infinity:6:6:6:Infinity":0,"b:4:2:4:19:4:19:4:Infinity":1,"b:5:9:5:26:5:26:5:32":2,"b:5:38:5:55:5:55:5:Infinity":3,"s:8:13:8:Infinity":2,"f:8:13:8:29":1,"s:8:48:8:Infinity":3,"s:10:13:10:Infinity":4,"f:10:13:10:34":2,"s:10:63:10:Infinity":5,"s:12:69:18:Infinity":6},"fnNames":{}}}
}
