TN:
SF:src\routes\ProtectedRoute.tsx
FN:6,(anonymous_0)
FNF:1
FNH:1
FNDA:3,(anonymous_0)
DA:6,3
DA:7,3
DA:9,3
DA:10,1
DA:13,2
DA:14,1
DA:15,1
LF:7
LH:7
BRDA:9,0,0,1
BRDA:9,0,1,2
BRDA:9,1,0,1
BRDA:9,1,1,0
BRDA:13,2,0,1
BRDA:13,2,1,1
BRDA:13,3,0,1
BRDA:13,3,1,0
BRF:8
BRH:6
end_of_record
TN:
SF:src\routes\PublicRoute.tsx
FN:6,(anonymous_0)
FNF:1
FNH:1
FNDA:3,(anonymous_0)
DA:6,3
DA:7,3
DA:9,3
DA:10,1
DA:13,2
DA:14,1
DA:15,1
LF:7
LH:7
BRDA:9,0,0,1
BRDA:9,0,1,2
BRDA:9,1,0,1
BRDA:9,1,1,0
BRDA:13,2,0,1
BRDA:13,2,1,1
BRDA:13,3,0,1
BRDA:13,3,1,0
BRF:8
BRH:6
end_of_record
TN:
SF:src\services\applications.service.ts
FN:4,(anonymous_0)
FN:10,(anonymous_1)
FN:16,(anonymous_2)
FN:22,(anonymous_3)
FNF:4
FNH:4
FNDA:1,(anonymous_0)
FNDA:1,(anonymous_1)
FNDA:2,(anonymous_2)
FNDA:1,(anonymous_3)
DA:4,1
DA:5,1
DA:7,1
DA:10,1
DA:11,1
DA:13,1
DA:16,1
DA:17,2
DA:19,1
DA:22,1
DA:26,1
DA:28,1
LF:12
LH:12
BRF:0
BRH:0
end_of_record
TN:
SF:src\services\auth.service.ts
FN:4,(anonymous_0)
FN:10,(anonymous_1)
FN:18,(anonymous_2)
FN:27,(anonymous_3)
FNF:4
FNH:4
FNDA:1,(anonymous_0)
FNDA:1,(anonymous_1)
FNDA:1,(anonymous_2)
FNDA:2,(anonymous_3)
DA:4,1
DA:5,1
DA:7,1
DA:10,1
DA:13,1
DA:15,1
DA:18,1
DA:22,1
DA:24,1
DA:27,1
DA:28,2
DA:30,1
LF:12
LH:12
BRF:0
BRH:0
end_of_record
TN:
SF:src\services\companies.service.ts
FN:4,(anonymous_0)
FN:10,(anonymous_1)
FNF:2
FNH:2
FNDA:1,(anonymous_0)
FNDA:2,(anonymous_1)
DA:4,1
DA:5,1
DA:7,1
DA:10,1
DA:11,2
DA:13,1
LF:6
LH:6
BRF:0
BRH:0
end_of_record
TN:
SF:src\services\jobs.service.ts
FN:4,(anonymous_0)
FN:20,(anonymous_1)
FNF:2
FNH:2
FNDA:2,(anonymous_0)
FNDA:1,(anonymous_1)
DA:4,1
DA:9,2
DA:17,2
DA:20,1
DA:21,1
DA:23,1
LF:6
LH:6
BRDA:5,0,0,2
BRF:1
BRH:1
end_of_record
TN:
SF:src\services\posts.service.ts
FN:8,(anonymous_0)
FN:13,(anonymous_1)
FN:33,(anonymous_2)
FN:38,(anonymous_3)
FNF:4
FNH:4
FNDA:1,(anonymous_0)
FNDA:2,(anonymous_1)
FNDA:1,(anonymous_2)
FNDA:2,(anonymous_3)
DA:8,1
DA:9,1
DA:10,1
DA:13,1
DA:17,2
DA:18,2
DA:20,2
DA:21,1
DA:24,1
DA:33,1
DA:34,1
DA:35,1
DA:38,1
DA:42,2
LF:14
LH:14
BRDA:20,0,0,1
BRDA:20,0,1,1
BRDA:20,1,0,2
BRDA:20,1,1,1
BRDA:25,2,0,1
BRDA:25,2,1,0
BRDA:40,3,0,2
BRF:7
BRH:6
end_of_record
TN:
SF:src\services\uploads.service.ts
FN:13,(anonymous_0)
FN:28,(anonymous_1)
FN:42,(anonymous_2)
FN:50,(anonymous_3)
FNF:4
FNH:4
FNDA:5,(anonymous_0)
FNDA:4,(anonymous_1)
FNDA:3,(anonymous_2)
FNDA:5,(anonymous_3)
DA:4,1
DA:5,1
DA:13,1
DA:14,5
DA:15,1
DA:18,4
DA:25,4
DA:28,1
DA:29,4
DA:37,4
DA:38,1
DA:42,1
DA:43,3
DA:44,1
DA:47,2
DA:50,1
DA:53,5
DA:54,4
DA:56,3
LF:19
LH:19
BRDA:14,0,0,1
BRDA:14,0,1,4
BRDA:37,1,0,1
BRDA:37,1,1,3
BRDA:43,2,0,1
BRDA:43,2,1,2
BRDA:59,3,0,1
BRDA:59,3,1,1
BRF:8
BRH:8
end_of_record
TN:
SF:src\utils\authSession.ts
FN:5,(anonymous_0)
FN:9,(anonymous_1)
FN:13,(anonymous_2)
FN:19,(anonymous_3)
FN:25,(anonymous_4)
FNF:5
FNH:5
FNDA:1,(anonymous_0)
FNDA:1,(anonymous_1)
FNDA:9,(anonymous_2)
FNDA:3,(anonymous_3)
FNDA:3,(anonymous_4)
DA:1,1
DA:3,1
DA:5,1
DA:6,1
DA:9,1
DA:10,1
DA:13,1
DA:14,9
DA:16,9
DA:19,1
DA:20,3
DA:22,3
DA:25,1
DA:26,3
DA:28,3
DA:29,1
DA:32,2
LF:17
LH:17
BRDA:16,0,0,8
BRDA:16,0,1,1
BRDA:22,1,0,3
BRDA:22,1,1,2
BRDA:28,2,0,1
BRDA:28,2,1,2
BRF:6
BRH:6
end_of_record
TN:
SF:src\utils\dashboard.utils.ts
FN:3,(anonymous_0)
FN:8,(anonymous_1)
FN:10,(anonymous_2)
FNF:3
FNH:3
FNDA:4,(anonymous_0)
FNDA:1,(anonymous_1)
FNDA:1,(anonymous_2)
DA:3,1
DA:4,4
DA:8,1
DA:10,1
DA:12,1
LF:5
LH:5
BRDA:4,0,0,3
BRDA:4,0,1,1
BRDA:4,1,0,4
BRDA:4,1,1,2
BRDA:5,2,0,3
BRDA:5,2,1,1
BRDA:5,3,0,3
BRDA:5,3,1,1
BRF:8
BRH:8
end_of_record
