{"C:\\Projects 2026\\job-listing-app\\backend\\src\\config\\db.js": {"path":"C:\\Projects 2026\\job-listing-app\\backend\\src\\config\\db.js","statementMap":{"0":{"start":{"line":1,"column":22},"end":{"line":1,"column":42}},"1":{"start":{"line":2,"column":0},"end":{"line":2,"column":17}},"2":{"start":{"line":3,"column":18},"end":{"line":14,"column":2}},"3":{"start":{"line":16,"column":0},"end":{"line":16,"column":27}}},"fnMap":{},"branchMap":{},"s":{"0":14,"1":14,"2":14,"3":14},"f":{},"b":{},"_coverageSchema":"1a1c01bbd47fc00a2c39e90264f33305004495a9","hash":"94c1e4ee816d35e7e25ab3655d8260d45b88c4a1"}
,"C:\\Projects 2026\\job-listing-app\\backend\\src\\config\\env.js": {"path":"C:\\Projects 2026\\job-listing-app\\backend\\src\\config\\env.js","statementMap":{"0":{"start":{"line":1,"column":13},"end":{"line":1,"column":28}},"1":{"start":{"line":2,"column":15},"end":{"line":2,"column":32}},"2":{"start":{"line":4,"column":16},"end":{"line":4,"column":51}},"3":{"start":{"line":7,"column":2},"end":{"line":7,"column":64}},"4":{"start":{"line":9,"column":0},"end":{"line":9,"column":53}}},"fnMap":{},"branchMap":{"0":{"loc":{"start":{"line":7,"column":2},"end":{"line":7,"column":64}},"type":"cond-expr","locations":[{"start":{"line":7,"column":43},"end":{"line":7,"column":55}},{"start":{"line":7,"column":58},"end":{"line":7,"column":64}}],"line":7}},"s":{"0":28,"1":28,"2":28,"3":28,"4":28},"f":{},"b":{"0":[1,27]},"_coverageSchema":"1a1c01bbd47fc00a2c39e90264f33305004495a9","hash":"972bf3c09ac6631c6091e035e784ea6c5682a835"}
,"C:\\Projects 2026\\job-listing-app\\backend\\src\\config\\redis.js": {"path":"C:\\Projects 2026\\job-listing-app\\backend\\src\\config\\redis.js","statementMap":{"0":{"start":{"line":25,"column":16},"end":{"line":25,"column":34}},"1":{"start":{"line":26,"column":0},"end":{"line":26,"column":17}},"2":{"start":{"line":29,"column":2},"end":{"line":29,"column":85}},"3":{"start":{"line":33,"column":2},"end":{"line":50,"column":4}},"4":{"start":{"line":48,"column":6},"end":{"line":48,"column":41}},"5":{"start":{"line":60,"column":21},"end":{"line":60,"column":53}},"6":{"start":{"line":62,"column":2},"end":{"line":68,"column":5}},"7":{"start":{"line":65,"column":4},"end":{"line":67,"column":5}},"8":{"start":{"line":66,"column":6},"end":{"line":66,"column":62}},"9":{"start":{"line":70,"column":2},"end":{"line":74,"column":5}},"10":{"start":{"line":71,"column":4},"end":{"line":73,"column":5}},"11":{"start":{"line":72,"column":6},"end":{"line":72,"column":39}},"12":{"start":{"line":76,"column":2},"end":{"line":76,"column":20}},"13":{"start":{"line":79,"column":0},"end":{"line":79,"column":62}}},"fnMap":{"0":{"name":"isTestEnv","decl":{"start":{"line":28,"column":9},"end":{"line":28,"column":18}},"loc":{"start":{"line":28,"column":21},"end":{"line":30,"column":1}},"line":28},"1":{"name":"buildRedisOptions","decl":{"start":{"line":32,"column":9},"end":{"line":32,"column":26}},"loc":{"start":{"line":32,"column":29},"end":{"line":51,"column":1}},"line":32},"2":{"name":"(anonymous_2)","decl":{"start":{"line":46,"column":4},"end":{"line":46,"column":5}},"loc":{"start":{"line":46,"column":25},"end":{"line":49,"column":5}},"line":46},"3":{"name":"createRedisConnection","decl":{"start":{"line":59,"column":9},"end":{"line":59,"column":30}},"loc":{"start":{"line":59,"column":33},"end":{"line":77,"column":1}},"line":59},"4":{"name":"(anonymous_4)","decl":{"start":{"line":62,"column":25},"end":{"line":62,"column":26}},"loc":{"start":{"line":62,"column":34},"end":{"line":68,"column":3}},"line":62},"5":{"name":"(anonymous_5)","decl":{"start":{"line":70,"column":27},"end":{"line":70,"column":28}},"loc":{"start":{"line":70,"column":33},"end":{"line":74,"column":3}},"line":70}},"branchMap":{"0":{"loc":{"start":{"line":29,"column":9},"end":{"line":29,"column":84}},"type":"binary-expr","locations":[{"start":{"line":29,"column":9},"end":{"line":29,"column":40}},{"start":{"line":29,"column":44},"end":{"line":29,"column":84}}],"line":29},"1":{"loc":{"start":{"line":34,"column":10},"end":{"line":34,"column":47}},"type":"binary-expr","locations":[{"start":{"line":34,"column":10},"end":{"line":34,"column":32}},{"start":{"line":34,"column":36},"end":{"line":34,"column":47}}],"line":34},"2":{"loc":{"start":{"line":35,"column":17},"end":{"line":35,"column":47}},"type":"binary-expr","locations":[{"start":{"line":35,"column":17},"end":{"line":35,"column":39}},{"start":{"line":35,"column":43},"end":{"line":35,"column":47}}],"line":35},"3":{"loc":{"start":{"line":36,"column":14},"end":{"line":36,"column":53}},"type":"binary-expr","locations":[{"start":{"line":36,"column":14},"end":{"line":36,"column":40}},{"start":{"line":36,"column":44},"end":{"line":36,"column":53}}],"line":36},"4":{"loc":{"start":{"line":37,"column":9},"end":{"line":37,"column":58}},"type":"cond-expr","locations":[{"start":{"line":37,"column":44},"end":{"line":37,"column":46}},{"start":{"line":37,"column":49},"end":{"line":37,"column":58}}],"line":37},"5":{"loc":{"start":{"line":65,"column":4},"end":{"line":67,"column":5}},"type":"if","locations":[{"start":{"line":65,"column":4},"end":{"line":67,"column":5}},{"start":{},"end":{}}],"line":65},"6":{"loc":{"start":{"line":71,"column":4},"end":{"line":73,"column":5}},"type":"if","locations":[{"start":{"line":71,"column":4},"end":{"line":73,"column":5}},{"start":{},"end":{}}],"line":71}},"s":{"0":7,"1":7,"2":4,"3":5,"4":2,"5":3,"6":3,"7":2,"8":1,"9":3,"10":2,"11":1,"12":3,"13":7},"f":{"0":4,"1":5,"2":2,"3":3,"4":2,"5":2},"b":{"0":[4,2],"1":[5,0],"2":[5,5],"3":[5,5],"4":[1,4],"5":[1,1],"6":[1,1]},"_coverageSchema":"1a1c01bbd47fc00a2c39e90264f33305004495a9","hash":"da9338fc29edf5f74878a3ada2fb76e687c2bd25"}
,"C:\\Projects 2026\\job-listing-app\\backend\\src\\middleware\\error.middleware.js": {"path":"C:\\Projects 2026\\job-listing-app\\backend\\src\\middleware\\error.middleware.js","statementMap":{"0":{"start":{"line":1,"column":21},"end":{"line":1,"column":35}},"1":{"start":{"line":2,"column":21},"end":{"line":2,"column":54}},"2":{"start":{"line":4,"column":24},"end":{"line":64,"column":1}},"3":{"start":{"line":6,"column":2},"end":{"line":15,"column":3}},"4":{"start":{"line":7,"column":4},"end":{"line":14,"column":7}},"5":{"start":{"line":10,"column":41},"end":{"line":13,"column":7}},"6":{"start":{"line":18,"column":2},"end":{"line":23,"column":3}},"7":{"start":{"line":19,"column":4},"end":{"line":22,"column":7}},"8":{"start":{"line":26,"column":2},"end":{"line":31,"column":3}},"9":{"start":{"line":27,"column":4},"end":{"line":30,"column":7}},"10":{"start":{"line":34,"column":2},"end":{"line":40,"column":3}},"11":{"start":{"line":35,"column":4},"end":{"line":39,"column":7}},"12":{"start":{"line":38,"column":37},"end":{"line":38,"column":74}},"13":{"start":{"line":43,"column":2},"end":{"line":48,"column":3}},"14":{"start":{"line":44,"column":4},"end":{"line":47,"column":7}},"15":{"start":{"line":50,"column":2},"end":{"line":55,"column":3}},"16":{"start":{"line":51,"column":4},"end":{"line":54,"column":7}},"17":{"start":{"line":58,"column":2},"end":{"line":58,"column":21}},"18":{"start":{"line":60,"column":2},"end":{"line":63,"column":5}},"19":{"start":{"line":66,"column":0},"end":{"line":66,"column":33}}},"fnMap":{"0":{"name":"(anonymous_0)","decl":{"start":{"line":4,"column":24},"end":{"line":4,"column":25}},"loc":{"start":{"line":4,"column":49},"end":{"line":64,"column":1}},"line":4},"1":{"name":"(anonymous_1)","decl":{"start":{"line":10,"column":29},"end":{"line":10,"column":30}},"loc":{"start":{"line":10,"column":41},"end":{"line":13,"column":7}},"line":10},"2":{"name":"(anonymous_2)","decl":{"start":{"line":38,"column":29},"end":{"line":38,"column":30}},"loc":{"start":{"line":38,"column":37},"end":{"line":38,"column":74}},"line":38}},"branchMap":{"0":{"loc":{"start":{"line":6,"column":2},"end":{"line":15,"column":3}},"type":"if","locations":[{"start":{"line":6,"column":2},"end":{"line":15,"column":3}},{"start":{},"end":{}}],"line":6},"1":{"loc":{"start":{"line":18,"column":2},"end":{"line":23,"column":3}},"type":"if","locations":[{"start":{"line":18,"column":2},"end":{"line":23,"column":3}},{"start":{},"end":{}}],"line":18},"2":{"loc":{"start":{"line":26,"column":2},"end":{"line":31,"column":3}},"type":"if","locations":[{"start":{"line":26,"column":2},"end":{"line":31,"column":3}},{"start":{},"end":{}}],"line":26},"3":{"loc":{"start":{"line":34,"column":2},"end":{"line":40,"column":3}},"type":"if","locations":[{"start":{"line":34,"column":2},"end":{"line":40,"column":3}},{"start":{},"end":{}}],"line":34},"4":{"loc":{"start":{"line":43,"column":2},"end":{"line":48,"column":3}},"type":"if","locations":[{"start":{"line":43,"column":2},"end":{"line":48,"column":3}},{"start":{},"end":{}}],"line":43},"5":{"loc":{"start":{"line":50,"column":2},"end":{"line":55,"column":3}},"type":"if","locations":[{"start":{"line":50,"column":2},"end":{"line":55,"column":3}},{"start":{},"end":{}}],"line":50},"6":{"loc":{"start":{"line":62,"column":13},"end":{"line":62,"column":90}},"type":"cond-expr","locations":[{"start":{"line":62,"column":53},"end":{"line":62,"column":76}},{"start":{"line":62,"column":79},"end":{"line":62,"column":90}}],"line":62}},"s":{"0":7,"1":7,"2":7,"3":51,"4":23,"5":28,"6":28,"7":22,"8":6,"9":1,"10":5,"11":1,"12":1,"13":4,"14":1,"15":3,"16":1,"17":2,"18":2,"19":7},"f":{"0":51,"1":28,"2":1},"b":{"0":[23,28],"1":[22,6],"2":[1,5],"3":[1,4],"4":[1,3],"5":[1,2],"6":[1,1]},"_coverageSchema":"1a1c01bbd47fc00a2c39e90264f33305004495a9","hash":"4eda8121821cdefecc99b56e53701f9fefa66116"}
,"C:\\Projects 2026\\job-listing-app\\backend\\src\\modules\\applications\\application.controller.js": {"path":"C:\\Projects 2026\\job-listing-app\\backend\\src\\modules\\applications\\application.controller.js","statementMap":{"0":{"start":{"line":1,"column":21},"end":{"line":1,"column":63}},"1":{"start":{"line":3,"column":56},"end":{"line":3,"column":91}},"2":{"start":{"line":5,"column":27},"end":{"line":5,"column":59}},"3":{"start":{"line":7,"column":26},"end":{"line":16,"column":2}},"4":{"start":{"line":8,"column":24},"end":{"line":8,"column":63}},"5":{"start":{"line":10,"column":22},"end":{"line":10,"column":96}},"6":{"start":{"line":12,"column":2},"end":{"line":15,"column":5}},"7":{"start":{"line":18,"column":26},"end":{"line":25,"column":2}},"8":{"start":{"line":19,"column":23},"end":{"line":19,"column":82}},"9":{"start":{"line":21,"column":2},"end":{"line":24,"column":5}},"10":{"start":{"line":27,"column":31},"end":{"line":37,"column":2}},"11":{"start":{"line":28,"column":23},"end":{"line":31,"column":3}},"12":{"start":{"line":33,"column":2},"end":{"line":36,"column":5}},"13":{"start":{"line":39,"column":27},"end":{"line":49,"column":2}},"14":{"start":{"line":40,"column":23},"end":{"line":43,"column":3}},"15":{"start":{"line":45,"column":2},"end":{"line":48,"column":5}},"16":{"start":{"line":51,"column":32},"end":{"line":64,"column":2}},"17":{"start":{"line":52,"column":24},"end":{"line":52,"column":58}},"18":{"start":{"line":54,"column":22},"end":{"line":58,"column":3}},"19":{"start":{"line":60,"column":2},"end":{"line":63,"column":5}},"20":{"start":{"line":66,"column":0},"end":{"line":72,"column":2}}},"fnMap":{"0":{"name":"(anonymous_0)","decl":{"start":{"line":7,"column":39},"end":{"line":7,"column":40}},"loc":{"start":{"line":7,"column":59},"end":{"line":16,"column":1}},"line":7},"1":{"name":"(anonymous_1)","decl":{"start":{"line":18,"column":39},"end":{"line":18,"column":40}},"loc":{"start":{"line":18,"column":59},"end":{"line":25,"column":1}},"line":18},"2":{"name":"(anonymous_2)","decl":{"start":{"line":27,"column":44},"end":{"line":27,"column":45}},"loc":{"start":{"line":27,"column":64},"end":{"line":37,"column":1}},"line":27},"3":{"name":"(anonymous_3)","decl":{"start":{"line":39,"column":40},"end":{"line":39,"column":41}},"loc":{"start":{"line":39,"column":60},"end":{"line":49,"column":1}},"line":39},"4":{"name":"(anonymous_4)","decl":{"start":{"line":51,"column":45},"end":{"line":51,"column":46}},"loc":{"start":{"line":51,"column":65},"end":{"line":64,"column":1}},"line":51}},"branchMap":{},"s":{"0":1,"1":1,"2":1,"3":1,"4":5,"5":3,"6":1,"7":1,"8":2,"9":2,"10":1,"11":2,"12":1,"13":1,"14":2,"15":1,"16":1,"17":3,"18":2,"19":1,"20":1},"f":{"0":5,"1":2,"2":2,"3":2,"4":3},"b":{},"_coverageSchema":"1a1c01bbd47fc00a2c39e90264f33305004495a9","hash":"cbf1c718f46e2368775f654cedeb736c615f28b1"}
,"C:\\Projects 2026\\job-listing-app\\backend\\src\\modules\\applications\\application.model.js": {"path":"C:\\Projects 2026\\job-listing-app\\backend\\src\\modules\\applications\\application.model.js","statementMap":{"0":{"start":{"line":1,"column":22},"end":{"line":1,"column":42}},"1":{"start":{"line":3,"column":18},"end":{"line":3,"column":44}},"2":{"start":{"line":5,"column":20},"end":{"line":58,"column":1}},"3":{"start":{"line":60,"column":0},"end":{"line":60,"column":29}}},"fnMap":{},"branchMap":{},"s":{"0":2,"1":2,"2":2,"3":2},"f":{},"b":{},"_coverageSchema":"1a1c01bbd47fc00a2c39e90264f33305004495a9","hash":"73cb51e2686f70dcb8a9405a6689d5d914c92c74"}
,"C:\\Projects 2026\\job-listing-app\\backend\\src\\modules\\applications\\application.route.js": {"path":"C:\\Projects 2026\\job-listing-app\\backend\\src\\modules\\applications\\application.route.js","statementMap":{"0":{"start":{"line":1,"column":16},"end":{"line":1,"column":34}},"1":{"start":{"line":3,"column":23},"end":{"line":3,"column":66}},"2":{"start":{"line":5,"column":21},"end":{"line":5,"column":72}},"3":{"start":{"line":7,"column":22},"end":{"line":7,"column":74}},"4":{"start":{"line":15,"column":4},"end":{"line":15,"column":39}},"5":{"start":{"line":17,"column":15},"end":{"line":17,"column":31}},"6":{"start":{"line":19,"column":0},"end":{"line":19,"column":67}},"7":{"start":{"line":21,"column":0},"end":{"line":21,"column":68}},"8":{"start":{"line":23,"column":0},"end":{"line":23,"column":88}},"9":{"start":{"line":25,"column":0},"end":{"line":25,"column":76}},"10":{"start":{"line":27,"column":0},"end":{"line":27,"column":83}},"11":{"start":{"line":29,"column":0},"end":{"line":29,"column":24}}},"fnMap":{},"branchMap":{},"s":{"0":1,"1":1,"2":1,"3":1,"4":1,"5":1,"6":1,"7":1,"8":1,"9":1,"10":1,"11":1},"f":{},"b":{},"_coverageSchema":"1a1c01bbd47fc00a2c39e90264f33305004495a9","hash":"08e673c2fdaa8fb572ae0aa2d15f6183e19246b2"}
,"C:\\Projects 2026\\job-listing-app\\backend\\src\\modules\\applications\\application.service.js": {"path":"C:\\Projects 2026\\job-listing-app\\backend\\src\\modules\\applications\\application.service.js","statementMap":{"0":{"start":{"line":1,"column":20},"end":{"line":1,"column":50}},"1":{"start":{"line":3,"column":19},"end":{"line":3,"column":61}},"2":{"start":{"line":5,"column":16},"end":{"line":5,"column":53}},"3":{"start":{"line":6,"column":13},"end":{"line":6,"column":43}},"4":{"start":{"line":12,"column":4},"end":{"line":12,"column":40}},"5":{"start":{"line":17,"column":4},"end":{"line":17,"column":55}},"6":{"start":{"line":18,"column":31},"end":{"line":18,"column":66}},"7":{"start":{"line":20,"column":26},"end":{"line":57,"column":1}},"8":{"start":{"line":21,"column":14},"end":{"line":21,"column":61}},"9":{"start":{"line":23,"column":2},"end":{"line":25,"column":3}},"10":{"start":{"line":24,"column":4},"end":{"line":24,"column":45}},"11":{"start":{"line":31,"column":30},"end":{"line":36,"column":4}},"12":{"start":{"line":38,"column":2},"end":{"line":40,"column":3}},"13":{"start":{"line":39,"column":4},"end":{"line":39,"column":64}},"14":{"start":{"line":42,"column":22},"end":{"line":54,"column":4}},"15":{"start":{"line":56,"column":2},"end":{"line":56,"column":21}},"16":{"start":{"line":59,"column":26},"end":{"line":75,"column":1}},"17":{"start":{"line":60,"column":2},"end":{"line":74,"column":5}},"18":{"start":{"line":77,"column":31},"end":{"line":104,"column":1}},"19":{"start":{"line":78,"column":18},"end":{"line":78,"column":51}},"20":{"start":{"line":80,"column":2},"end":{"line":82,"column":3}},"21":{"start":{"line":81,"column":4},"end":{"line":81,"column":49}},"22":{"start":{"line":84,"column":2},"end":{"line":86,"column":3}},"23":{"start":{"line":85,"column":4},"end":{"line":85,"column":79}},"24":{"start":{"line":88,"column":2},"end":{"line":103,"column":5}},"25":{"start":{"line":106,"column":27},"end":{"line":135,"column":1}},"26":{"start":{"line":107,"column":14},"end":{"line":113,"column":4}},"27":{"start":{"line":115,"column":2},"end":{"line":117,"column":3}},"28":{"start":{"line":116,"column":4},"end":{"line":116,"column":45}},"29":{"start":{"line":119,"column":2},"end":{"line":121,"column":3}},"30":{"start":{"line":120,"column":4},"end":{"line":120,"column":79}},"31":{"start":{"line":123,"column":2},"end":{"line":134,"column":5}},"32":{"start":{"line":137,"column":32},"end":{"line":193,"column":1}},"33":{"start":{"line":138,"column":22},"end":{"line":148,"column":4}},"34":{"start":{"line":150,"column":2},"end":{"line":152,"column":3}},"35":{"start":{"line":151,"column":4},"end":{"line":151,"column":53}},"36":{"start":{"line":154,"column":2},"end":{"line":156,"column":3}},"37":{"start":{"line":155,"column":4},"end":{"line":155,"column":79}},"38":{"start":{"line":158,"column":24},"end":{"line":158,"column":56}},"39":{"start":{"line":159,"column":21},"end":{"line":159,"column":41}},"40":{"start":{"line":160,"column":29},"end":{"line":160,"column":74}},"41":{"start":{"line":162,"column":2},"end":{"line":164,"column":3}},"42":{"start":{"line":163,"column":4},"end":{"line":163,"column":98}},"43":{"start":{"line":166,"column":2},"end":{"line":168,"column":5}},"44":{"start":{"line":173,"column":2},"end":{"line":190,"column":3}},"45":{"start":{"line":174,"column":4},"end":{"line":174,"column":44}},"46":{"start":{"line":175,"column":4},"end":{"line":181,"column":7}},"47":{"start":{"line":189,"column":4},"end":{"line":189,"column":63}},"48":{"start":{"line":192,"column":2},"end":{"line":192,"column":21}},"49":{"start":{"line":195,"column":0},"end":{"line":201,"column":2}}},"fnMap":{"0":{"name":"(anonymous_0)","decl":{"start":{"line":20,"column":26},"end":{"line":20,"column":27}},"loc":{"start":{"line":20,"column":53},"end":{"line":57,"column":1}},"line":20},"1":{"name":"(anonymous_1)","decl":{"start":{"line":59,"column":26},"end":{"line":59,"column":27}},"loc":{"start":{"line":59,"column":44},"end":{"line":75,"column":1}},"line":59},"2":{"name":"(anonymous_2)","decl":{"start":{"line":77,"column":31},"end":{"line":77,"column":32}},"loc":{"start":{"line":77,"column":60},"end":{"line":104,"column":1}},"line":77},"3":{"name":"(anonymous_3)","decl":{"start":{"line":106,"column":27},"end":{"line":106,"column":28}},"loc":{"start":{"line":106,"column":52},"end":{"line":135,"column":1}},"line":106},"4":{"name":"(anonymous_4)","decl":{"start":{"line":137,"column":32},"end":{"line":137,"column":33}},"loc":{"start":{"line":137,"column":73},"end":{"line":193,"column":1}},"line":137}},"branchMap":{"0":{"loc":{"start":{"line":23,"column":2},"end":{"line":25,"column":3}},"type":"if","locations":[{"start":{"line":23,"column":2},"end":{"line":25,"column":3}},{"start":{},"end":{}}],"line":23},"1":{"loc":{"start":{"line":38,"column":2},"end":{"line":40,"column":3}},"type":"if","locations":[{"start":{"line":38,"column":2},"end":{"line":40,"column":3}},{"start":{},"end":{}}],"line":38},"2":{"loc":{"start":{"line":80,"column":2},"end":{"line":82,"column":3}},"type":"if","locations":[{"start":{"line":80,"column":2},"end":{"line":82,"column":3}},{"start":{},"end":{}}],"line":80},"3":{"loc":{"start":{"line":84,"column":2},"end":{"line":86,"column":3}},"type":"if","locations":[{"start":{"line":84,"column":2},"end":{"line":86,"column":3}},{"start":{},"end":{}}],"line":84},"4":{"loc":{"start":{"line":115,"column":2},"end":{"line":117,"column":3}},"type":"if","locations":[{"start":{"line":115,"column":2},"end":{"line":117,"column":3}},{"start":{},"end":{}}],"line":115},"5":{"loc":{"start":{"line":119,"column":2},"end":{"line":121,"column":3}},"type":"if","locations":[{"start":{"line":119,"column":2},"end":{"line":121,"column":3}},{"start":{},"end":{}}],"line":119},"6":{"loc":{"start":{"line":150,"column":2},"end":{"line":152,"column":3}},"type":"if","locations":[{"start":{"line":150,"column":2},"end":{"line":152,"column":3}},{"start":{},"end":{}}],"line":150},"7":{"loc":{"start":{"line":154,"column":2},"end":{"line":156,"column":3}},"type":"if","locations":[{"start":{"line":154,"column":2},"end":{"line":156,"column":3}},{"start":{},"end":{}}],"line":154},"8":{"loc":{"start":{"line":160,"column":29},"end":{"line":160,"column":74}},"type":"binary-expr","locations":[{"start":{"line":160,"column":29},"end":{"line":160,"column":68}},{"start":{"line":160,"column":72},"end":{"line":160,"column":74}}],"line":160},"9":{"loc":{"start":{"line":162,"column":2},"end":{"line":164,"column":3}},"type":"if","locations":[{"start":{"line":162,"column":2},"end":{"line":164,"column":3}},{"start":{},"end":{}}],"line":162}},"s":{"0":2,"1":2,"2":2,"3":2,"4":2,"5":2,"6":2,"7":2,"8":5,"9":5,"10":2,"11":3,"12":3,"13":2,"14":1,"15":1,"16":2,"17":2,"18":2,"19":3,"20":3,"21":1,"22":2,"23":1,"24":1,"25":2,"26":3,"27":3,"28":1,"29":2,"30":1,"31":1,"32":2,"33":6,"34":6,"35":1,"36":5,"37":1,"38":4,"39":4,"40":4,"41":4,"42":2,"43":2,"44":2,"45":2,"46":2,"47":1,"48":2,"49":2},"f":{"0":5,"1":2,"2":3,"3":3,"4":6},"b":{"0":[2,3],"1":[2,1],"2":[1,2],"3":[1,1],"4":[1,2],"5":[1,1],"6":[1,5],"7":[1,4],"8":[4,0],"9":[2,2]},"_coverageSchema":"1a1c01bbd47fc00a2c39e90264f33305004495a9","hash":"bee96541f31535a7593e227bc6ac2ede6b033ac7"}
,"C:\\Projects 2026\\job-listing-app\\backend\\src\\modules\\applications\\application.validation.js": {"path":"C:\\Projects 2026\\job-listing-app\\backend\\src\\modules\\applications\\application.validation.js","statementMap":{"0":{"start":{"line":1,"column":14},"end":{"line":1,"column":28}},"1":{"start":{"line":2,"column":31},"end":{"line":2,"column":82}},"2":{"start":{"line":4,"column":32},"end":{"line":10,"column":2}},"3":{"start":{"line":12,"column":27},"end":{"line":20,"column":2}},"4":{"start":{"line":22,"column":0},"end":{"line":25,"column":2}}},"fnMap":{},"branchMap":{},"s":{"0":1,"1":1,"2":1,"3":1,"4":1},"f":{},"b":{},"_coverageSchema":"1a1c01bbd47fc00a2c39e90264f33305004495a9","hash":"2ac5430915686820e6541be8117fd31f4fbebb0b"}
,"C:\\Projects 2026\\job-listing-app\\backend\\src\\modules\\auth\\auth.controller.js": {"path":"C:\\Projects 2026\\job-listing-app\\backend\\src\\modules\\auth\\auth.controller.js","statementMap":{"0":{"start":{"line":1,"column":21},"end":{"line":1,"column":63}},"1":{"start":{"line":3,"column":38},"end":{"line":3,"column":66}},"2":{"start":{"line":5,"column":20},"end":{"line":5,"column":45}},"3":{"start":{"line":7,"column":34},"end":{"line":7,"column":48}},"4":{"start":{"line":9,"column":36},"end":{"line":13,"column":2}},"5":{"start":{"line":9,"column":43},"end":{"line":13,"column":1}},"6":{"start":{"line":15,"column":32},"end":{"line":18,"column":2}},"7":{"start":{"line":15,"column":39},"end":{"line":18,"column":1}},"8":{"start":{"line":20,"column":30},"end":{"line":22,"column":1}},"9":{"start":{"line":21,"column":2},"end":{"line":21,"column":81}},"10":{"start":{"line":24,"column":32},"end":{"line":27,"column":1}},"11":{"start":{"line":25,"column":2},"end":{"line":25,"column":76}},"12":{"start":{"line":26,"column":2},"end":{"line":26,"column":27}},"13":{"start":{"line":29,"column":15},"end":{"line":39,"column":2}},"14":{"start":{"line":30,"column":24},"end":{"line":30,"column":52}},"15":{"start":{"line":32,"column":15},"end":{"line":32,"column":54}},"16":{"start":{"line":34,"column":2},"end":{"line":38,"column":5}},"17":{"start":{"line":41,"column":14},"end":{"line":54,"column":2}},"18":{"start":{"line":42,"column":24},"end":{"line":42,"column":51}},"19":{"start":{"line":44,"column":17},"end":{"line":44,"column":55}},"20":{"start":{"line":46,"column":2},"end":{"line":46,"column":50}},"21":{"start":{"line":48,"column":2},"end":{"line":53,"column":5}},"22":{"start":{"line":56,"column":16},"end":{"line":78,"column":2}},"23":{"start":{"line":59,"column":2},"end":{"line":68,"column":3}},"24":{"start":{"line":60,"column":4},"end":{"line":60,"column":88}},"25":{"start":{"line":62,"column":4},"end":{"line":62,"column":33}},"26":{"start":{"line":64,"column":4},"end":{"line":67,"column":7}},"27":{"start":{"line":70,"column":2},"end":{"line":70,"column":50}},"28":{"start":{"line":72,"column":2},"end":{"line":77,"column":5}},"29":{"start":{"line":80,"column":15},"end":{"line":87,"column":2}},"30":{"start":{"line":81,"column":2},"end":{"line":81,"column":31}},"31":{"start":{"line":83,"column":2},"end":{"line":86,"column":5}},"32":{"start":{"line":89,"column":0},"end":{"line":94,"column":2}}},"fnMap":{"0":{"name":"(anonymous_0)","decl":{"start":{"line":9,"column":36},"end":{"line":9,"column":37}},"loc":{"start":{"line":9,"column":43},"end":{"line":13,"column":1}},"line":9},"1":{"name":"(anonymous_1)","decl":{"start":{"line":15,"column":32},"end":{"line":15,"column":33}},"loc":{"start":{"line":15,"column":39},"end":{"line":18,"column":1}},"line":15},"2":{"name":"(anonymous_2)","decl":{"start":{"line":20,"column":30},"end":{"line":20,"column":31}},"loc":{"start":{"line":20,"column":53},"end":{"line":22,"column":1}},"line":20},"3":{"name":"(anonymous_3)","decl":{"start":{"line":24,"column":32},"end":{"line":24,"column":33}},"loc":{"start":{"line":24,"column":41},"end":{"line":27,"column":1}},"line":24},"4":{"name":"(anonymous_4)","decl":{"start":{"line":29,"column":28},"end":{"line":29,"column":29}},"loc":{"start":{"line":29,"column":48},"end":{"line":39,"column":1}},"line":29},"5":{"name":"(anonymous_5)","decl":{"start":{"line":41,"column":27},"end":{"line":41,"column":28}},"loc":{"start":{"line":41,"column":47},"end":{"line":54,"column":1}},"line":41},"6":{"name":"(anonymous_6)","decl":{"start":{"line":56,"column":29},"end":{"line":56,"column":30}},"loc":{"start":{"line":56,"column":49},"end":{"line":78,"column":1}},"line":56},"7":{"name":"(anonymous_7)","decl":{"start":{"line":80,"column":28},"end":{"line":80,"column":29}},"loc":{"start":{"line":80,"column":48},"end":{"line":87,"column":1}},"line":80}},"branchMap":{"0":{"loc":{"start":{"line":17,"column":17},"end":{"line":17,"column":61}},"type":"binary-expr","locations":[{"start":{"line":17,"column":17},"end":{"line":17,"column":56}},{"start":{"line":17,"column":60},"end":{"line":17,"column":61}}],"line":17},"1":{"loc":{"start":{"line":66,"column":15},"end":{"line":66,"column":55}},"type":"binary-expr","locations":[{"start":{"line":66,"column":15},"end":{"line":66,"column":28}},{"start":{"line":66,"column":32},"end":{"line":66,"column":55}}],"line":66}},"s":{"0":1,"1":1,"2":1,"3":1,"4":1,"5":9,"6":1,"7":4,"8":1,"9":4,"10":1,"11":5,"12":5,"13":1,"14":6,"15":3,"16":1,"17":1,"18":6,"19":4,"20":3,"21":3,"22":1,"23":4,"24":4,"25":3,"26":3,"27":1,"28":1,"29":1,"30":2,"31":2,"32":1},"f":{"0":9,"1":4,"2":4,"3":5,"4":6,"5":6,"6":4,"7":2},"b":{"0":[4,0],"1":[3,0]},"_coverageSchema":"1a1c01bbd47fc00a2c39e90264f33305004495a9","hash":"20df125153c20eadc830780b6d310d9808718c8f"}
,"C:\\Projects 2026\\job-listing-app\\backend\\src\\modules\\auth\\auth.route.js": {"path":"C:\\Projects 2026\\job-listing-app\\backend\\src\\modules\\auth\\auth.route.js","statementMap":{"0":{"start":{"line":1,"column":16},"end":{"line":1,"column":34}},"1":{"start":{"line":3,"column":43},"end":{"line":3,"column":71}},"2":{"start":{"line":5,"column":15},"end":{"line":5,"column":31}},"3":{"start":{"line":7,"column":0},"end":{"line":7,"column":31}},"4":{"start":{"line":9,"column":0},"end":{"line":9,"column":29}},"5":{"start":{"line":11,"column":0},"end":{"line":11,"column":33}},"6":{"start":{"line":13,"column":0},"end":{"line":13,"column":31}},"7":{"start":{"line":15,"column":0},"end":{"line":15,"column":24}}},"fnMap":{},"branchMap":{},"s":{"0":1,"1":1,"2":1,"3":1,"4":1,"5":1,"6":1,"7":1},"f":{},"b":{},"_coverageSchema":"1a1c01bbd47fc00a2c39e90264f33305004495a9","hash":"cc9803f6029501a9dabd40f293e0f1012e89b82b"}
,"C:\\Projects 2026\\job-listing-app\\backend\\src\\modules\\auth\\auth.service.js": {"path":"C:\\Projects 2026\\job-listing-app\\backend\\src\\modules\\auth\\auth.service.js","statementMap":{"0":{"start":{"line":1,"column":15},"end":{"line":1,"column":32}},"1":{"start":{"line":2,"column":12},"end":{"line":2,"column":35}},"2":{"start":{"line":4,"column":13},"end":{"line":4,"column":43}},"3":{"start":{"line":5,"column":13},"end":{"line":5,"column":43}},"4":{"start":{"line":11,"column":4},"end":{"line":11,"column":40}},"5":{"start":{"line":13,"column":29},"end":{"line":19,"column":1}},"6":{"start":{"line":14,"column":2},"end":{"line":16,"column":3}},"7":{"start":{"line":15,"column":4},"end":{"line":15,"column":46}},"8":{"start":{"line":18,"column":2},"end":{"line":18,"column":32}},"9":{"start":{"line":21,"column":30},"end":{"line":21,"column":92}},"10":{"start":{"line":21,"column":36},"end":{"line":21,"column":92}},"11":{"start":{"line":23,"column":26},"end":{"line":27,"column":2}},"12":{"start":{"line":23,"column":37},"end":{"line":27,"column":1}},"13":{"start":{"line":29,"column":26},"end":{"line":35,"column":2}},"14":{"start":{"line":29,"column":37},"end":{"line":35,"column":1}},"15":{"start":{"line":37,"column":26},"end":{"line":40,"column":4}},"16":{"start":{"line":38,"column":2},"end":{"line":40,"column":4}},"17":{"start":{"line":42,"column":27},"end":{"line":51,"column":3}},"18":{"start":{"line":43,"column":2},"end":{"line":51,"column":3}},"19":{"start":{"line":53,"column":24},"end":{"line":56,"column":2}},"20":{"start":{"line":53,"column":35},"end":{"line":56,"column":1}},"21":{"start":{"line":58,"column":15},"end":{"line":96,"column":1}},"22":{"start":{"line":59,"column":23},"end":{"line":63,"column":4}},"23":{"start":{"line":65,"column":2},"end":{"line":67,"column":3}},"24":{"start":{"line":66,"column":4},"end":{"line":66,"column":55}},"25":{"start":{"line":69,"column":15},"end":{"line":73,"column":4}},"26":{"start":{"line":75,"column":2},"end":{"line":77,"column":3}},"27":{"start":{"line":76,"column":4},"end":{"line":76,"column":46}},"28":{"start":{"line":79,"column":25},"end":{"line":79,"column":64}},"29":{"start":{"line":81,"column":15},"end":{"line":87,"column":4}},"30":{"start":{"line":89,"column":2},"end":{"line":95,"column":4}},"31":{"start":{"line":98,"column":14},"end":{"line":126,"column":1}},"32":{"start":{"line":99,"column":15},"end":{"line":108,"column":4}},"33":{"start":{"line":110,"column":2},"end":{"line":112,"column":3}},"34":{"start":{"line":111,"column":4},"end":{"line":111,"column":55}},"35":{"start":{"line":114,"column":26},"end":{"line":114,"column":71}},"36":{"start":{"line":116,"column":2},"end":{"line":118,"column":3}},"37":{"start":{"line":117,"column":4},"end":{"line":117,"column":55}},"38":{"start":{"line":120,"column":17},"end":{"line":120,"column":38}},"39":{"start":{"line":122,"column":2},"end":{"line":125,"column":4}},"40":{"start":{"line":128,"column":23},"end":{"line":159,"column":1}},"41":{"start":{"line":129,"column":2},"end":{"line":131,"column":3}},"42":{"start":{"line":130,"column":4},"end":{"line":130,"column":57}},"43":{"start":{"line":135,"column":2},"end":{"line":139,"column":3}},"44":{"start":{"line":136,"column":4},"end":{"line":136,"column":64}},"45":{"start":{"line":138,"column":4},"end":{"line":138,"column":57}},"46":{"start":{"line":141,"column":15},"end":{"line":147,"column":4}},"47":{"start":{"line":149,"column":2},"end":{"line":151,"column":3}},"48":{"start":{"line":150,"column":4},"end":{"line":150,"column":46}},"49":{"start":{"line":153,"column":17},"end":{"line":153,"column":38}},"50":{"start":{"line":155,"column":2},"end":{"line":158,"column":4}},"51":{"start":{"line":161,"column":0},"end":{"line":165,"column":2}}},"fnMap":{"0":{"name":"(anonymous_0)","decl":{"start":{"line":13,"column":29},"end":{"line":13,"column":30}},"loc":{"start":{"line":13,"column":35},"end":{"line":19,"column":1}},"line":13},"1":{"name":"(anonymous_1)","decl":{"start":{"line":21,"column":30},"end":{"line":21,"column":31}},"loc":{"start":{"line":21,"column":36},"end":{"line":21,"column":92}},"line":21},"2":{"name":"(anonymous_2)","decl":{"start":{"line":23,"column":26},"end":{"line":23,"column":27}},"loc":{"start":{"line":23,"column":37},"end":{"line":27,"column":1}},"line":23},"3":{"name":"(anonymous_3)","decl":{"start":{"line":29,"column":26},"end":{"line":29,"column":27}},"loc":{"start":{"line":29,"column":37},"end":{"line":35,"column":1}},"line":29},"4":{"name":"(anonymous_4)","decl":{"start":{"line":37,"column":26},"end":{"line":37,"column":27}},"loc":{"start":{"line":38,"column":2},"end":{"line":40,"column":4}},"line":38},"5":{"name":"(anonymous_5)","decl":{"start":{"line":42,"column":27},"end":{"line":42,"column":28}},"loc":{"start":{"line":43,"column":2},"end":{"line":51,"column":3}},"line":43},"6":{"name":"(anonymous_6)","decl":{"start":{"line":53,"column":24},"end":{"line":53,"column":25}},"loc":{"start":{"line":53,"column":35},"end":{"line":56,"column":1}},"line":53},"7":{"name":"(anonymous_7)","decl":{"start":{"line":58,"column":15},"end":{"line":58,"column":16}},"loc":{"start":{"line":58,"column":34},"end":{"line":96,"column":1}},"line":58},"8":{"name":"(anonymous_8)","decl":{"start":{"line":98,"column":14},"end":{"line":98,"column":15}},"loc":{"start":{"line":98,"column":48},"end":{"line":126,"column":1}},"line":98},"9":{"name":"(anonymous_9)","decl":{"start":{"line":128,"column":23},"end":{"line":128,"column":24}},"loc":{"start":{"line":128,"column":47},"end":{"line":159,"column":1}},"line":128}},"branchMap":{"0":{"loc":{"start":{"line":14,"column":2},"end":{"line":16,"column":3}},"type":"if","locations":[{"start":{"line":14,"column":2},"end":{"line":16,"column":3}},{"start":{},"end":{}}],"line":14},"1":{"loc":{"start":{"line":21,"column":36},"end":{"line":21,"column":92}},"type":"binary-expr","locations":[{"start":{"line":21,"column":36},"end":{"line":21,"column":66}},{"start":{"line":21,"column":70},"end":{"line":21,"column":92}}],"line":21},"2":{"loc":{"start":{"line":39,"column":15},"end":{"line":39,"column":57}},"type":"binary-expr","locations":[{"start":{"line":39,"column":15},"end":{"line":39,"column":48}},{"start":{"line":39,"column":52},"end":{"line":39,"column":57}}],"line":39},"3":{"loc":{"start":{"line":49,"column":17},"end":{"line":49,"column":59}},"type":"binary-expr","locations":[{"start":{"line":49,"column":17},"end":{"line":49,"column":51}},{"start":{"line":49,"column":55},"end":{"line":49,"column":59}}],"line":49},"4":{"loc":{"start":{"line":65,"column":2},"end":{"line":67,"column":3}},"type":"if","locations":[{"start":{"line":65,"column":2},"end":{"line":67,"column":3}},{"start":{},"end":{}}],"line":65},"5":{"loc":{"start":{"line":75,"column":2},"end":{"line":77,"column":3}},"type":"if","locations":[{"start":{"line":75,"column":2},"end":{"line":77,"column":3}},{"start":{},"end":{}}],"line":75},"6":{"loc":{"start":{"line":110,"column":2},"end":{"line":112,"column":3}},"type":"if","locations":[{"start":{"line":110,"column":2},"end":{"line":112,"column":3}},{"start":{},"end":{}}],"line":110},"7":{"loc":{"start":{"line":116,"column":2},"end":{"line":118,"column":3}},"type":"if","locations":[{"start":{"line":116,"column":2},"end":{"line":118,"column":3}},{"start":{},"end":{}}],"line":116},"8":{"loc":{"start":{"line":129,"column":2},"end":{"line":131,"column":3}},"type":"if","locations":[{"start":{"line":129,"column":2},"end":{"line":131,"column":3}},{"start":{},"end":{}}],"line":129},"9":{"loc":{"start":{"line":149,"column":2},"end":{"line":151,"column":3}},"type":"if","locations":[{"start":{"line":149,"column":2},"end":{"line":151,"column":3}},{"start":{},"end":{}}],"line":149}},"s":{"0":2,"1":2,"2":2,"3":2,"4":2,"5":2,"6":6,"7":1,"8":5,"9":2,"10":10,"11":2,"12":4,"13":2,"14":3,"15":2,"16":4,"17":2,"18":3,"19":2,"20":4,"21":2,"22":6,"23":6,"24":2,"25":4,"26":4,"27":2,"28":2,"29":2,"30":1,"31":2,"32":7,"33":6,"34":2,"35":4,"36":4,"37":2,"38":2,"39":1,"40":2,"41":10,"42":3,"43":7,"44":7,"45":3,"46":4,"47":4,"48":2,"49":2,"50":2,"51":2},"f":{"0":6,"1":10,"2":4,"3":3,"4":4,"5":3,"6":4,"7":6,"8":7,"9":10},"b":{"0":[1,5],"1":[10,2],"2":[3,0],"3":[3,0],"4":[2,4],"5":[2,2],"6":[2,4],"7":[2,2],"8":[3,7],"9":[2,2]},"_coverageSchema":"1a1c01bbd47fc00a2c39e90264f33305004495a9","hash":"8837e7397597e2f9b72ea9de123107948ea130ce"}
,"C:\\Projects 2026\\job-listing-app\\backend\\src\\modules\\auth\\auth.validation.js": {"path":"C:\\Projects 2026\\job-listing-app\\backend\\src\\modules\\auth\\auth.validation.js","statementMap":{"0":{"start":{"line":1,"column":14},"end":{"line":1,"column":28}},"1":{"start":{"line":3,"column":21},"end":{"line":13,"column":2}},"2":{"start":{"line":15,"column":20},"end":{"line":19,"column":2}},"3":{"start":{"line":21,"column":0},"end":{"line":24,"column":2}}},"fnMap":{},"branchMap":{},"s":{"0":1,"1":1,"2":1,"3":1},"f":{},"b":{},"_coverageSchema":"1a1c01bbd47fc00a2c39e90264f33305004495a9","hash":"606978f3b589b65ed42f34f30c431b74c4257733"}
,"C:\\Projects 2026\\job-listing-app\\backend\\src\\modules\\companies\\company.controller.js": {"path":"C:\\Projects 2026\\job-listing-app\\backend\\src\\modules\\companies\\company.controller.js","statementMap":{"0":{"start":{"line":1,"column":21},"end":{"line":1,"column":63}},"1":{"start":{"line":3,"column":53},"end":{"line":3,"column":84}},"2":{"start":{"line":5,"column":23},"end":{"line":5,"column":51}},"3":{"start":{"line":7,"column":22},"end":{"line":16,"column":2}},"4":{"start":{"line":8,"column":24},"end":{"line":8,"column":59}},"5":{"start":{"line":10,"column":18},"end":{"line":10,"column":84}},"6":{"start":{"line":12,"column":2},"end":{"line":15,"column":5}},"7":{"start":{"line":18,"column":24},"end":{"line":25,"column":2}},"8":{"start":{"line":19,"column":20},"end":{"line":19,"column":58}},"9":{"start":{"line":21,"column":2},"end":{"line":24,"column":5}},"10":{"start":{"line":27,"column":23},"end":{"line":34,"column":2}},"11":{"start":{"line":28,"column":18},"end":{"line":28,"column":68}},"12":{"start":{"line":30,"column":2},"end":{"line":33,"column":5}},"13":{"start":{"line":36,"column":22},"end":{"line":45,"column":2}},"14":{"start":{"line":37,"column":24},"end":{"line":37,"column":59}},"15":{"start":{"line":39,"column":18},"end":{"line":39,"column":99}},"16":{"start":{"line":41,"column":2},"end":{"line":44,"column":5}},"17":{"start":{"line":47,"column":22},"end":{"line":54,"column":2}},"18":{"start":{"line":48,"column":2},"end":{"line":48,"column":69}},"19":{"start":{"line":50,"column":2},"end":{"line":53,"column":5}},"20":{"start":{"line":56,"column":0},"end":{"line":62,"column":2}}},"fnMap":{"0":{"name":"(anonymous_0)","decl":{"start":{"line":7,"column":35},"end":{"line":7,"column":36}},"loc":{"start":{"line":7,"column":55},"end":{"line":16,"column":1}},"line":7},"1":{"name":"(anonymous_1)","decl":{"start":{"line":18,"column":37},"end":{"line":18,"column":38}},"loc":{"start":{"line":18,"column":57},"end":{"line":25,"column":1}},"line":18},"2":{"name":"(anonymous_2)","decl":{"start":{"line":27,"column":36},"end":{"line":27,"column":37}},"loc":{"start":{"line":27,"column":56},"end":{"line":34,"column":1}},"line":27},"3":{"name":"(anonymous_3)","decl":{"start":{"line":36,"column":35},"end":{"line":36,"column":36}},"loc":{"start":{"line":36,"column":55},"end":{"line":45,"column":1}},"line":36},"4":{"name":"(anonymous_4)","decl":{"start":{"line":47,"column":35},"end":{"line":47,"column":36}},"loc":{"start":{"line":47,"column":55},"end":{"line":54,"column":1}},"line":47}},"branchMap":{},"s":{"0":1,"1":1,"2":1,"3":1,"4":3,"5":1,"6":1,"7":1,"8":2,"9":2,"10":1,"11":2,"12":2,"13":1,"14":3,"15":3,"16":1,"17":1,"18":3,"19":1,"20":1},"f":{"0":3,"1":2,"2":2,"3":3,"4":3},"b":{},"_coverageSchema":"1a1c01bbd47fc00a2c39e90264f33305004495a9","hash":"413419b4606e87693a4f50e2b727ee3651042102"}
,"C:\\Projects 2026\\job-listing-app\\backend\\src\\modules\\companies\\company.model.js": {"path":"C:\\Projects 2026\\job-listing-app\\backend\\src\\modules\\companies\\company.model.js","statementMap":{"0":{"start":{"line":1,"column":22},"end":{"line":1,"column":42}},"1":{"start":{"line":3,"column":18},"end":{"line":3,"column":44}},"2":{"start":{"line":5,"column":16},"end":{"line":48,"column":1}},"3":{"start":{"line":50,"column":0},"end":{"line":50,"column":25}}},"fnMap":{},"branchMap":{},"s":{"0":5,"1":5,"2":5,"3":5},"f":{},"b":{},"_coverageSchema":"1a1c01bbd47fc00a2c39e90264f33305004495a9","hash":"3e203e73ed7fda660fbbda5cf613f2b20503b44a"}
,"C:\\Projects 2026\\job-listing-app\\backend\\src\\modules\\companies\\company.route.js": {"path":"C:\\Projects 2026\\job-listing-app\\backend\\src\\modules\\companies\\company.route.js","statementMap":{"0":{"start":{"line":1,"column":16},"end":{"line":1,"column":34}},"1":{"start":{"line":3,"column":23},"end":{"line":3,"column":66}},"2":{"start":{"line":11,"column":4},"end":{"line":11,"column":35}},"3":{"start":{"line":13,"column":15},"end":{"line":13,"column":31}},"4":{"start":{"line":19,"column":0},"end":{"line":19,"column":33}},"5":{"start":{"line":21,"column":0},"end":{"line":21,"column":35}},"6":{"start":{"line":27,"column":0},"end":{"line":27,"column":48}},"7":{"start":{"line":29,"column":0},"end":{"line":29,"column":52}},"8":{"start":{"line":31,"column":0},"end":{"line":31,"column":53}},"9":{"start":{"line":33,"column":0},"end":{"line":33,"column":24}}},"fnMap":{},"branchMap":{},"s":{"0":1,"1":1,"2":1,"3":1,"4":1,"5":1,"6":1,"7":1,"8":1,"9":1},"f":{},"b":{},"_coverageSchema":"1a1c01bbd47fc00a2c39e90264f33305004495a9","hash":"a0a880f7fc184bbf9f17803bc315c7a834ca553b"}
,"C:\\Projects 2026\\job-listing-app\\backend\\src\\modules\\companies\\company.service.js": {"path":"C:\\Projects 2026\\job-listing-app\\backend\\src\\modules\\companies\\company.service.js","statementMap":{"0":{"start":{"line":1,"column":16},"end":{"line":1,"column":42}},"1":{"start":{"line":2,"column":42},"end":{"line":2,"column":78}},"2":{"start":{"line":4,"column":22},"end":{"line":11,"column":1}},"3":{"start":{"line":5,"column":18},"end":{"line":8,"column":4}},"4":{"start":{"line":10,"column":2},"end":{"line":10,"column":17}},"5":{"start":{"line":13,"column":24},"end":{"line":15,"column":1}},"6":{"start":{"line":14,"column":2},"end":{"line":14,"column":33}},"7":{"start":{"line":17,"column":23},"end":{"line":19,"column":1}},"8":{"start":{"line":18,"column":2},"end":{"line":18,"column":36}},"9":{"start":{"line":21,"column":22},"end":{"line":39,"column":1}},"10":{"start":{"line":22,"column":18},"end":{"line":22,"column":51}},"11":{"start":{"line":24,"column":2},"end":{"line":26,"column":3}},"12":{"start":{"line":25,"column":4},"end":{"line":25,"column":49}},"13":{"start":{"line":32,"column":2},"end":{"line":34,"column":3}},"14":{"start":{"line":33,"column":4},"end":{"line":33,"column":75}},"15":{"start":{"line":36,"column":2},"end":{"line":36,"column":32}},"16":{"start":{"line":38,"column":2},"end":{"line":38,"column":17}},"17":{"start":{"line":41,"column":22},"end":{"line":55,"column":1}},"18":{"start":{"line":42,"column":18},"end":{"line":42,"column":51}},"19":{"start":{"line":44,"column":2},"end":{"line":46,"column":3}},"20":{"start":{"line":45,"column":4},"end":{"line":45,"column":49}},"21":{"start":{"line":48,"column":2},"end":{"line":50,"column":3}},"22":{"start":{"line":49,"column":4},"end":{"line":49,"column":75}},"23":{"start":{"line":52,"column":2},"end":{"line":52,"column":26}},"24":{"start":{"line":54,"column":2},"end":{"line":54,"column":14}},"25":{"start":{"line":57,"column":0},"end":{"line":63,"column":2}}},"fnMap":{"0":{"name":"(anonymous_0)","decl":{"start":{"line":4,"column":22},"end":{"line":4,"column":23}},"loc":{"start":{"line":4,"column":49},"end":{"line":11,"column":1}},"line":4},"1":{"name":"(anonymous_1)","decl":{"start":{"line":13,"column":24},"end":{"line":13,"column":25}},"loc":{"start":{"line":13,"column":36},"end":{"line":15,"column":1}},"line":13},"2":{"name":"(anonymous_2)","decl":{"start":{"line":17,"column":23},"end":{"line":17,"column":24}},"loc":{"start":{"line":17,"column":37},"end":{"line":19,"column":1}},"line":17},"3":{"name":"(anonymous_3)","decl":{"start":{"line":21,"column":22},"end":{"line":21,"column":23}},"loc":{"start":{"line":21,"column":60},"end":{"line":39,"column":1}},"line":21},"4":{"name":"(anonymous_4)","decl":{"start":{"line":41,"column":22},"end":{"line":41,"column":23}},"loc":{"start":{"line":41,"column":51},"end":{"line":55,"column":1}},"line":41}},"branchMap":{"0":{"loc":{"start":{"line":24,"column":2},"end":{"line":26,"column":3}},"type":"if","locations":[{"start":{"line":24,"column":2},"end":{"line":26,"column":3}},{"start":{},"end":{}}],"line":24},"1":{"loc":{"start":{"line":32,"column":2},"end":{"line":34,"column":3}},"type":"if","locations":[{"start":{"line":32,"column":2},"end":{"line":34,"column":3}},{"start":{},"end":{}}],"line":32},"2":{"loc":{"start":{"line":44,"column":2},"end":{"line":46,"column":3}},"type":"if","locations":[{"start":{"line":44,"column":2},"end":{"line":46,"column":3}},{"start":{},"end":{}}],"line":44},"3":{"loc":{"start":{"line":48,"column":2},"end":{"line":50,"column":3}},"type":"if","locations":[{"start":{"line":48,"column":2},"end":{"line":50,"column":3}},{"start":{},"end":{}}],"line":48}},"s":{"0":2,"1":2,"2":2,"3":2,"4":1,"5":2,"6":2,"7":2,"8":2,"9":2,"10":4,"11":4,"12":1,"13":3,"14":2,"15":1,"16":1,"17":2,"18":4,"19":4,"20":1,"21":3,"22":2,"23":1,"24":1,"25":2},"f":{"0":2,"1":2,"2":2,"3":4,"4":4},"b":{"0":[1,3],"1":[2,1],"2":[1,3],"3":[2,1]},"_coverageSchema":"1a1c01bbd47fc00a2c39e90264f33305004495a9","hash":"dc1b4a4501cab1624dcd59633c9f5aff86a5cc34"}
,"C:\\Projects 2026\\job-listing-app\\backend\\src\\modules\\companies\\company.validation.js": {"path":"C:\\Projects 2026\\job-listing-app\\backend\\src\\modules\\companies\\company.validation.js","statementMap":{"0":{"start":{"line":1,"column":14},"end":{"line":1,"column":28}},"1":{"start":{"line":3,"column":28},"end":{"line":13,"column":2}},"2":{"start":{"line":15,"column":28},"end":{"line":15,"column":57}},"3":{"start":{"line":17,"column":0},"end":{"line":20,"column":2}}},"fnMap":{},"branchMap":{},"s":{"0":1,"1":1,"2":1,"3":1},"f":{},"b":{},"_coverageSchema":"1a1c01bbd47fc00a2c39e90264f33305004495a9","hash":"b7348895033a3cf995fe0ed9d90db0923b679b85"}
,"C:\\Projects 2026\\job-listing-app\\backend\\src\\modules\\jobListings\\jobListing.controller.js": {"path":"C:\\Projects 2026\\job-listing-app\\backend\\src\\modules\\jobListings\\jobListing.controller.js","statementMap":{"0":{"start":{"line":1,"column":21},"end":{"line":1,"column":63}},"1":{"start":{"line":3,"column":45},"end":{"line":3,"column":79}},"2":{"start":{"line":5,"column":19},"end":{"line":5,"column":50}},"3":{"start":{"line":7,"column":18},"end":{"line":16,"column":2}},"4":{"start":{"line":8,"column":24},"end":{"line":8,"column":55}},"5":{"start":{"line":10,"column":14},"end":{"line":10,"column":72}},"6":{"start":{"line":12,"column":2},"end":{"line":15,"column":5}},"7":{"start":{"line":18,"column":19},"end":{"line":30,"column":2}},"8":{"start":{"line":19,"column":36},"end":{"line":19,"column":45}},"9":{"start":{"line":20,"column":23},"end":{"line":24,"column":4}},"10":{"start":{"line":26,"column":2},"end":{"line":29,"column":5}},"11":{"start":{"line":32,"column":19},"end":{"line":39,"column":2}},"12":{"start":{"line":33,"column":14},"end":{"line":33,"column":56}},"13":{"start":{"line":35,"column":2},"end":{"line":38,"column":5}},"14":{"start":{"line":41,"column":18},"end":{"line":50,"column":2}},"15":{"start":{"line":42,"column":24},"end":{"line":42,"column":55}},"16":{"start":{"line":44,"column":14},"end":{"line":44,"column":87}},"17":{"start":{"line":46,"column":2},"end":{"line":49,"column":5}},"18":{"start":{"line":52,"column":18},"end":{"line":59,"column":2}},"19":{"start":{"line":53,"column":2},"end":{"line":53,"column":61}},"20":{"start":{"line":55,"column":2},"end":{"line":58,"column":5}},"21":{"start":{"line":61,"column":0},"end":{"line":67,"column":2}}},"fnMap":{"0":{"name":"(anonymous_0)","decl":{"start":{"line":7,"column":31},"end":{"line":7,"column":32}},"loc":{"start":{"line":7,"column":51},"end":{"line":16,"column":1}},"line":7},"1":{"name":"(anonymous_1)","decl":{"start":{"line":18,"column":32},"end":{"line":18,"column":33}},"loc":{"start":{"line":18,"column":52},"end":{"line":30,"column":1}},"line":18},"2":{"name":"(anonymous_2)","decl":{"start":{"line":32,"column":32},"end":{"line":32,"column":33}},"loc":{"start":{"line":32,"column":52},"end":{"line":39,"column":1}},"line":32},"3":{"name":"(anonymous_3)","decl":{"start":{"line":41,"column":31},"end":{"line":41,"column":32}},"loc":{"start":{"line":41,"column":51},"end":{"line":50,"column":1}},"line":41},"4":{"name":"(anonymous_4)","decl":{"start":{"line":52,"column":31},"end":{"line":52,"column":32}},"loc":{"start":{"line":52,"column":51},"end":{"line":59,"column":1}},"line":52}},"branchMap":{},"s":{"0":1,"1":1,"2":1,"3":1,"4":6,"5":3,"6":1,"7":1,"8":2,"9":2,"10":2,"11":1,"12":2,"13":1,"14":1,"15":2,"16":2,"17":1,"18":1,"19":2,"20":1,"21":1},"f":{"0":6,"1":2,"2":2,"3":2,"4":2},"b":{},"_coverageSchema":"1a1c01bbd47fc00a2c39e90264f33305004495a9","hash":"a68fb3c64d13218d2778f4edd296040f1aaafd85"}
,"C:\\Projects 2026\\job-listing-app\\backend\\src\\modules\\jobListings\\jobListing.model.js": {"path":"C:\\Projects 2026\\job-listing-app\\backend\\src\\modules\\jobListings\\jobListing.model.js","statementMap":{"0":{"start":{"line":1,"column":22},"end":{"line":1,"column":42}},"1":{"start":{"line":3,"column":18},"end":{"line":3,"column":44}},"2":{"start":{"line":5,"column":19},"end":{"line":62,"column":1}},"3":{"start":{"line":64,"column":0},"end":{"line":64,"column":28}}},"fnMap":{},"branchMap":{},"s":{"0":3,"1":3,"2":3,"3":3},"f":{},"b":{},"_coverageSchema":"1a1c01bbd47fc00a2c39e90264f33305004495a9","hash":"16057a357c884238464361a9d07dd972c61325ba"}
,"C:\\Projects 2026\\job-listing-app\\backend\\src\\modules\\jobListings\\jobListing.route.js": {"path":"C:\\Projects 2026\\job-listing-app\\backend\\src\\modules\\jobListings\\jobListing.route.js","statementMap":{"0":{"start":{"line":1,"column":16},"end":{"line":1,"column":34}},"1":{"start":{"line":3,"column":23},"end":{"line":3,"column":66}},"2":{"start":{"line":5,"column":21},"end":{"line":5,"column":72}},"3":{"start":{"line":13,"column":4},"end":{"line":13,"column":38}},"4":{"start":{"line":15,"column":15},"end":{"line":15,"column":31}},"5":{"start":{"line":17,"column":0},"end":{"line":17,"column":28}},"6":{"start":{"line":19,"column":0},"end":{"line":19,"column":31}},"7":{"start":{"line":21,"column":0},"end":{"line":21,"column":58}},"8":{"start":{"line":23,"column":0},"end":{"line":23,"column":62}},"9":{"start":{"line":25,"column":0},"end":{"line":25,"column":63}},"10":{"start":{"line":27,"column":0},"end":{"line":27,"column":24}}},"fnMap":{},"branchMap":{},"s":{"0":1,"1":1,"2":1,"3":1,"4":1,"5":1,"6":1,"7":1,"8":1,"9":1,"10":1},"f":{},"b":{},"_coverageSchema":"1a1c01bbd47fc00a2c39e90264f33305004495a9","hash":"af52b33215eece62ef8dea954f5ca995cd716185"}
,"C:\\Projects 2026\\job-listing-app\\backend\\src\\modules\\jobListings\\jobListing.service.js": {"path":"C:\\Projects 2026\\job-listing-app\\backend\\src\\modules\\jobListings\\jobListing.service.js","statementMap":{"0":{"start":{"line":1,"column":19},"end":{"line":1,"column":48}},"1":{"start":{"line":2,"column":31},"end":{"line":2,"column":51}},"2":{"start":{"line":4,"column":16},"end":{"line":4,"column":53}},"3":{"start":{"line":5,"column":18},"end":{"line":5,"column":44}},"4":{"start":{"line":6,"column":39},"end":{"line":6,"column":68}},"5":{"start":{"line":7,"column":42},"end":{"line":7,"column":78}},"6":{"start":{"line":9,"column":18},"end":{"line":27,"column":1}},"7":{"start":{"line":10,"column":18},"end":{"line":10,"column":59}},"8":{"start":{"line":12,"column":2},"end":{"line":14,"column":3}},"9":{"start":{"line":13,"column":4},"end":{"line":13,"column":49}},"10":{"start":{"line":20,"column":2},"end":{"line":22,"column":3}},"11":{"start":{"line":21,"column":4},"end":{"line":21,"column":78}},"12":{"start":{"line":24,"column":14},"end":{"line":24,"column":46}},"13":{"start":{"line":26,"column":2},"end":{"line":26,"column":13}},"14":{"start":{"line":29,"column":20},"end":{"line":83,"column":1}},"15":{"start":{"line":30,"column":48},"end":{"line":30,"column":55}},"16":{"start":{"line":31,"column":14},"end":{"line":31,"column":37}},"17":{"start":{"line":33,"column":16},"end":{"line":45,"column":3}},"18":{"start":{"line":47,"column":2},"end":{"line":73,"column":3}},"19":{"start":{"line":48,"column":4},"end":{"line":57,"column":6}},"20":{"start":{"line":59,"column":4},"end":{"line":72,"column":6}},"21":{"start":{"line":78,"column":16},"end":{"line":78,"column":26}},"22":{"start":{"line":79,"column":15},"end":{"line":79,"column":46}},"23":{"start":{"line":81,"column":2},"end":{"line":81,"column":50}},"24":{"start":{"line":82,"column":2},"end":{"line":82,"column":14}},"25":{"start":{"line":85,"column":19},"end":{"line":197,"column":1}},"26":{"start":{"line":86,"column":41},"end":{"line":86,"column":48}},"27":{"start":{"line":87,"column":14},"end":{"line":90,"column":3}},"28":{"start":{"line":92,"column":21},"end":{"line":92,"column":41}},"29":{"start":{"line":93,"column":2},"end":{"line":93,"column":46}},"30":{"start":{"line":94,"column":16},"end":{"line":96,"column":3}},"31":{"start":{"line":112,"column":2},"end":{"line":140,"column":3}},"32":{"start":{"line":113,"column":4},"end":{"line":122,"column":6}},"33":{"start":{"line":124,"column":4},"end":{"line":139,"column":6}},"34":{"start":{"line":148,"column":2},"end":{"line":159,"column":3}},"35":{"start":{"line":149,"column":4},"end":{"line":158,"column":6}},"36":{"start":{"line":161,"column":16},"end":{"line":165,"column":3}},"37":{"start":{"line":167,"column":15},"end":{"line":167,"column":46}},"38":{"start":{"line":169,"column":18},"end":{"line":169,"column":45}},"39":{"start":{"line":171,"column":2},"end":{"line":173,"column":3}},"40":{"start":{"line":172,"column":4},"end":{"line":172,"column":15}},"41":{"start":{"line":175,"column":19},"end":{"line":175,"column":23}},"42":{"start":{"line":177,"column":2},"end":{"line":184,"column":3}},"43":{"start":{"line":178,"column":20},"end":{"line":178,"column":41}},"44":{"start":{"line":180,"column":4},"end":{"line":183,"column":7}},"45":{"start":{"line":188,"column":2},"end":{"line":188,"column":40}},"46":{"start":{"line":190,"column":2},"end":{"line":196,"column":4}},"47":{"start":{"line":199,"column":19},"end":{"line":213,"column":1}},"48":{"start":{"line":200,"column":14},"end":{"line":206,"column":4}},"49":{"start":{"line":208,"column":2},"end":{"line":210,"column":3}},"50":{"start":{"line":209,"column":4},"end":{"line":209,"column":45}},"51":{"start":{"line":212,"column":2},"end":{"line":212,"column":13}},"52":{"start":{"line":215,"column":18},"end":{"line":235,"column":1}},"53":{"start":{"line":216,"column":14},"end":{"line":222,"column":4}},"54":{"start":{"line":224,"column":2},"end":{"line":226,"column":3}},"55":{"start":{"line":225,"column":4},"end":{"line":225,"column":45}},"56":{"start":{"line":228,"column":2},"end":{"line":230,"column":3}},"57":{"start":{"line":229,"column":4},"end":{"line":229,"column":71}},"58":{"start":{"line":232,"column":2},"end":{"line":232,"column":28}},"59":{"start":{"line":234,"column":2},"end":{"line":234,"column":13}},"60":{"start":{"line":237,"column":18},"end":{"line":257,"column":1}},"61":{"start":{"line":238,"column":14},"end":{"line":244,"column":4}},"62":{"start":{"line":246,"column":2},"end":{"line":248,"column":3}},"63":{"start":{"line":247,"column":4},"end":{"line":247,"column":45}},"64":{"start":{"line":250,"column":2},"end":{"line":252,"column":3}},"65":{"start":{"line":251,"column":4},"end":{"line":251,"column":71}},"66":{"start":{"line":254,"column":2},"end":{"line":254,"column":22}},"67":{"start":{"line":256,"column":2},"end":{"line":256,"column":14}},"68":{"start":{"line":259,"column":0},"end":{"line":266,"column":2}}},"fnMap":{"0":{"name":"(anonymous_0)","decl":{"start":{"line":9,"column":18},"end":{"line":9,"column":19}},"loc":{"start":{"line":9,"column":45},"end":{"line":27,"column":1}},"line":9},"1":{"name":"(anonymous_1)","decl":{"start":{"line":29,"column":20},"end":{"line":29,"column":21}},"loc":{"start":{"line":29,"column":39},"end":{"line":83,"column":1}},"line":29},"2":{"name":"(anonymous_2)","decl":{"start":{"line":85,"column":19},"end":{"line":85,"column":20}},"loc":{"start":{"line":85,"column":38},"end":{"line":197,"column":1}},"line":85},"3":{"name":"(anonymous_3)","decl":{"start":{"line":199,"column":19},"end":{"line":199,"column":20}},"loc":{"start":{"line":199,"column":33},"end":{"line":213,"column":1}},"line":199},"4":{"name":"(anonymous_4)","decl":{"start":{"line":215,"column":18},"end":{"line":215,"column":19}},"loc":{"start":{"line":215,"column":52},"end":{"line":235,"column":1}},"line":215},"5":{"name":"(anonymous_5)","decl":{"start":{"line":237,"column":18},"end":{"line":237,"column":19}},"loc":{"start":{"line":237,"column":43},"end":{"line":257,"column":1}},"line":237}},"branchMap":{"0":{"loc":{"start":{"line":12,"column":2},"end":{"line":14,"column":3}},"type":"if","locations":[{"start":{"line":12,"column":2},"end":{"line":14,"column":3}},{"start":{},"end":{}}],"line":12},"1":{"loc":{"start":{"line":20,"column":2},"end":{"line":22,"column":3}},"type":"if","locations":[{"start":{"line":20,"column":2},"end":{"line":22,"column":3}},{"start":{},"end":{}}],"line":20},"2":{"loc":{"start":{"line":30,"column":10},"end":{"line":30,"column":23}},"type":"default-arg","locations":[{"start":{"line":30,"column":21},"end":{"line":30,"column":23}}],"line":30},"3":{"loc":{"start":{"line":30,"column":25},"end":{"line":30,"column":35}},"type":"default-arg","locations":[{"start":{"line":30,"column":34},"end":{"line":30,"column":35}}],"line":30},"4":{"loc":{"start":{"line":47,"column":2},"end":{"line":73,"column":3}},"type":"if","locations":[{"start":{"line":47,"column":2},"end":{"line":73,"column":3}},{"start":{},"end":{}}],"line":47},"5":{"loc":{"start":{"line":86,"column":10},"end":{"line":86,"column":20}},"type":"default-arg","locations":[{"start":{"line":86,"column":18},"end":{"line":86,"column":20}}],"line":86},"6":{"loc":{"start":{"line":112,"column":2},"end":{"line":140,"column":3}},"type":"if","locations":[{"start":{"line":112,"column":2},"end":{"line":140,"column":3}},{"start":{},"end":{}}],"line":112},"7":{"loc":{"start":{"line":148,"column":2},"end":{"line":159,"column":3}},"type":"if","locations":[{"start":{"line":148,"column":2},"end":{"line":159,"column":3}},{"start":{},"end":{}}],"line":148},"8":{"loc":{"start":{"line":148,"column":6},"end":{"line":148,"column":35}},"type":"binary-expr","locations":[{"start":{"line":148,"column":6},"end":{"line":148,"column":16}},{"start":{"line":148,"column":20},"end":{"line":148,"column":35}}],"line":148},"9":{"loc":{"start":{"line":171,"column":2},"end":{"line":173,"column":3}},"type":"if","locations":[{"start":{"line":171,"column":2},"end":{"line":173,"column":3}},{"start":{},"end":{}}],"line":171},"10":{"loc":{"start":{"line":177,"column":2},"end":{"line":184,"column":3}},"type":"if","locations":[{"start":{"line":177,"column":2},"end":{"line":184,"column":3}},{"start":{},"end":{}}],"line":177},"11":{"loc":{"start":{"line":177,"column":6},"end":{"line":177,"column":28}},"type":"binary-expr","locations":[{"start":{"line":177,"column":6},"end":{"line":177,"column":13}},{"start":{"line":177,"column":17},"end":{"line":177,"column":28}}],"line":177},"12":{"loc":{"start":{"line":208,"column":2},"end":{"line":210,"column":3}},"type":"if","locations":[{"start":{"line":208,"column":2},"end":{"line":210,"column":3}},{"start":{},"end":{}}],"line":208},"13":{"loc":{"start":{"line":224,"column":2},"end":{"line":226,"column":3}},"type":"if","locations":[{"start":{"line":224,"column":2},"end":{"line":226,"column":3}},{"start":{},"end":{}}],"line":224},"14":{"loc":{"start":{"line":228,"column":2},"end":{"line":230,"column":3}},"type":"if","locations":[{"start":{"line":228,"column":2},"end":{"line":230,"column":3}},{"start":{},"end":{}}],"line":228},"15":{"loc":{"start":{"line":246,"column":2},"end":{"line":248,"column":3}},"type":"if","locations":[{"start":{"line":246,"column":2},"end":{"line":248,"column":3}},{"start":{},"end":{}}],"line":246},"16":{"loc":{"start":{"line":250,"column":2},"end":{"line":252,"column":3}},"type":"if","locations":[{"start":{"line":250,"column":2},"end":{"line":252,"column":3}},{"start":{},"end":{}}],"line":250}},"s":{"0":2,"1":2,"2":2,"3":2,"4":2,"5":2,"6":2,"7":5,"8":5,"9":2,"10":3,"11":2,"12":1,"13":1,"14":2,"15":2,"16":2,"17":2,"18":2,"19":1,"20":1,"21":2,"22":2,"23":2,"24":2,"25":2,"26":5,"27":5,"28":5,"29":5,"30":5,"31":5,"32":1,"33":1,"34":5,"35":1,"36":5,"37":5,"38":5,"39":5,"40":1,"41":5,"42":5,"43":1,"44":1,"45":5,"46":5,"47":2,"48":3,"49":3,"50":2,"51":1,"52":2,"53":3,"54":3,"55":1,"56":2,"57":1,"58":1,"59":1,"60":2,"61":3,"62":3,"63":1,"64":2,"65":1,"66":1,"67":1,"68":2},"f":{"0":5,"1":2,"2":5,"3":3,"4":3,"5":3},"b":{"0":[2,3],"1":[2,1],"2":[0],"3":[0],"4":[1,1],"5":[0],"6":[1,4],"7":[1,4],"8":[5,1],"9":[1,4],"10":[1,4],"11":[5,1],"12":[2,1],"13":[1,2],"14":[1,1],"15":[1,2],"16":[1,1]},"_coverageSchema":"1a1c01bbd47fc00a2c39e90264f33305004495a9","hash":"48b54d88c0dea9fa3d670e94002ead1992285a54"}
,"C:\\Projects 2026\\job-listing-app\\backend\\src\\modules\\jobListings\\jobListing.validation.js": {"path":"C:\\Projects 2026\\job-listing-app\\backend\\src\\modules\\jobListings\\jobListing.validation.js","statementMap":{"0":{"start":{"line":1,"column":14},"end":{"line":1,"column":28}},"1":{"start":{"line":3,"column":24},"end":{"line":17,"column":2}},"2":{"start":{"line":19,"column":24},"end":{"line":19,"column":49}},"3":{"start":{"line":21,"column":0},"end":{"line":24,"column":2}}},"fnMap":{},"branchMap":{},"s":{"0":1,"1":1,"2":1,"3":1},"f":{},"b":{},"_coverageSchema":"1a1c01bbd47fc00a2c39e90264f33305004495a9","hash":"57d34e4459eb29df31fb36aec55499848695b36a"}
,"C:\\Projects 2026\\job-listing-app\\backend\\src\\modules\\posts\\postMedia.model.js": {"path":"C:\\Projects 2026\\job-listing-app\\backend\\src\\modules\\posts\\postMedia.model.js","statementMap":{"0":{"start":{"line":1,"column":22},"end":{"line":1,"column":42}},"1":{"start":{"line":2,"column":18},"end":{"line":2,"column":44}},"2":{"start":{"line":4,"column":18},"end":{"line":85,"column":1}},"3":{"start":{"line":87,"column":0},"end":{"line":87,"column":27}}},"fnMap":{},"branchMap":{},"s":{"0":1,"1":1,"2":1,"3":1},"f":{},"b":{},"_coverageSchema":"1a1c01bbd47fc00a2c39e90264f33305004495a9","hash":"edf01640f1a4dace1aed6f7ac4d3b118e8f19cb1"}
,"C:\\Projects 2026\\job-listing-app\\backend\\src\\modules\\posts\\posts.controller.js": {"path":"C:\\Projects 2026\\job-listing-app\\backend\\src\\modules\\posts\\posts.controller.js","statementMap":{"0":{"start":{"line":1,"column":21},"end":{"line":1,"column":63}},"1":{"start":{"line":3,"column":47},"end":{"line":3,"column":76}},"2":{"start":{"line":5,"column":20},"end":{"line":5,"column":46}},"3":{"start":{"line":7,"column":19},"end":{"line":16,"column":2}},"4":{"start":{"line":8,"column":24},"end":{"line":8,"column":56}},"5":{"start":{"line":10,"column":15},"end":{"line":10,"column":58}},"6":{"start":{"line":12,"column":2},"end":{"line":15,"column":5}},"7":{"start":{"line":18,"column":20},"end":{"line":30,"column":2}},"8":{"start":{"line":19,"column":36},"end":{"line":19,"column":45}},"9":{"start":{"line":20,"column":24},"end":{"line":24,"column":4}},"10":{"start":{"line":26,"column":2},"end":{"line":29,"column":5}},"11":{"start":{"line":32,"column":20},"end":{"line":39,"column":2}},"12":{"start":{"line":33,"column":15},"end":{"line":33,"column":59}},"13":{"start":{"line":35,"column":2},"end":{"line":38,"column":5}},"14":{"start":{"line":41,"column":19},"end":{"line":50,"column":2}},"15":{"start":{"line":42,"column":24},"end":{"line":42,"column":56}},"16":{"start":{"line":44,"column":15},"end":{"line":44,"column":90}},"17":{"start":{"line":46,"column":2},"end":{"line":49,"column":5}},"18":{"start":{"line":52,"column":19},"end":{"line":59,"column":2}},"19":{"start":{"line":53,"column":2},"end":{"line":53,"column":85}},"20":{"start":{"line":55,"column":2},"end":{"line":58,"column":5}},"21":{"start":{"line":61,"column":0},"end":{"line":67,"column":2}}},"fnMap":{"0":{"name":"(anonymous_0)","decl":{"start":{"line":7,"column":32},"end":{"line":7,"column":33}},"loc":{"start":{"line":7,"column":52},"end":{"line":16,"column":1}},"line":7},"1":{"name":"(anonymous_1)","decl":{"start":{"line":18,"column":33},"end":{"line":18,"column":34}},"loc":{"start":{"line":18,"column":53},"end":{"line":30,"column":1}},"line":18},"2":{"name":"(anonymous_2)","decl":{"start":{"line":32,"column":33},"end":{"line":32,"column":34}},"loc":{"start":{"line":32,"column":53},"end":{"line":39,"column":1}},"line":32},"3":{"name":"(anonymous_3)","decl":{"start":{"line":41,"column":32},"end":{"line":41,"column":33}},"loc":{"start":{"line":41,"column":52},"end":{"line":50,"column":1}},"line":41},"4":{"name":"(anonymous_4)","decl":{"start":{"line":52,"column":32},"end":{"line":52,"column":33}},"loc":{"start":{"line":52,"column":52},"end":{"line":59,"column":1}},"line":52}},"branchMap":{},"s":{"0":1,"1":1,"2":1,"3":1,"4":5,"5":1,"6":1,"7":1,"8":2,"9":2,"10":2,"11":1,"12":2,"13":1,"14":1,"15":2,"16":2,"17":1,"18":1,"19":3,"20":2,"21":1},"f":{"0":5,"1":2,"2":2,"3":2,"4":3},"b":{},"_coverageSchema":"1a1c01bbd47fc00a2c39e90264f33305004495a9","hash":"3f4145d422a13addbfe28c91ad93cfc22a89f6f3"}
,"C:\\Projects 2026\\job-listing-app\\backend\\src\\modules\\posts\\posts.model.js": {"path":"C:\\Projects 2026\\job-listing-app\\backend\\src\\modules\\posts\\posts.model.js","statementMap":{"0":{"start":{"line":1,"column":22},"end":{"line":1,"column":42}},"1":{"start":{"line":2,"column":18},"end":{"line":2,"column":44}},"2":{"start":{"line":4,"column":13},"end":{"line":50,"column":1}},"3":{"start":{"line":52,"column":0},"end":{"line":52,"column":22}}},"fnMap":{},"branchMap":{},"s":{"0":1,"1":1,"2":1,"3":1},"f":{},"b":{},"_coverageSchema":"1a1c01bbd47fc00a2c39e90264f33305004495a9","hash":"79fef57cc3889b686d3bad2ff2e7d7699a1afc5a"}
,"C:\\Projects 2026\\job-listing-app\\backend\\src\\modules\\posts\\posts.route.js": {"path":"C:\\Projects 2026\\job-listing-app\\backend\\src\\modules\\posts\\posts.route.js","statementMap":{"0":{"start":{"line":1,"column":16},"end":{"line":1,"column":34}},"1":{"start":{"line":3,"column":23},"end":{"line":3,"column":66}},"2":{"start":{"line":11,"column":4},"end":{"line":11,"column":33}},"3":{"start":{"line":13,"column":15},"end":{"line":13,"column":31}},"4":{"start":{"line":15,"column":0},"end":{"line":15,"column":29}},"5":{"start":{"line":17,"column":0},"end":{"line":17,"column":32}},"6":{"start":{"line":19,"column":0},"end":{"line":19,"column":45}},"7":{"start":{"line":21,"column":0},"end":{"line":21,"column":49}},"8":{"start":{"line":23,"column":0},"end":{"line":23,"column":50}},"9":{"start":{"line":25,"column":0},"end":{"line":25,"column":24}}},"fnMap":{},"branchMap":{},"s":{"0":1,"1":1,"2":1,"3":1,"4":1,"5":1,"6":1,"7":1,"8":1,"9":1},"f":{},"b":{},"_coverageSchema":"1a1c01bbd47fc00a2c39e90264f33305004495a9","hash":"5fdab39df75baf4cff16b2d6a322cfa82cf449d6"}
,"C:\\Projects 2026\\job-listing-app\\backend\\src\\modules\\posts\\posts.service.js": {"path":"C:\\Projects 2026\\job-listing-app\\backend\\src\\modules\\posts\\posts.service.js","statementMap":{"0":{"start":{"line":1,"column":13},"end":{"line":1,"column":44}},"1":{"start":{"line":2,"column":18},"end":{"line":2,"column":53}},"2":{"start":{"line":3,"column":13},"end":{"line":3,"column":43}},"3":{"start":{"line":4,"column":39},"end":{"line":4,"column":68}},"4":{"start":{"line":5,"column":25},"end":{"line":5,"column":65}},"5":{"start":{"line":6,"column":15},"end":{"line":6,"column":35}},"6":{"start":{"line":7,"column":18},"end":{"line":7,"column":44}},"7":{"start":{"line":8,"column":39},"end":{"line":8,"column":68}},"8":{"start":{"line":9,"column":42},"end":{"line":9,"column":78}},"9":{"start":{"line":11,"column":15},"end":{"line":11,"column":61}},"10":{"start":{"line":12,"column":36},"end":{"line":12,"column":39}},"11":{"start":{"line":14,"column":11},"end":{"line":22,"column":2}},"12":{"start":{"line":25,"column":21},"end":{"line":30,"column":1}},"13":{"start":{"line":32,"column":22},"end":{"line":35,"column":1}},"14":{"start":{"line":37,"column":26},"end":{"line":67,"column":1}},"15":{"start":{"line":38,"column":2},"end":{"line":38,"column":32}},"16":{"start":{"line":38,"column":20},"end":{"line":38,"column":32}},"17":{"start":{"line":40,"column":2},"end":{"line":42,"column":3}},"18":{"start":{"line":41,"column":4},"end":{"line":41,"column":43}},"19":{"start":{"line":46,"column":2},"end":{"line":50,"column":3}},"20":{"start":{"line":47,"column":4},"end":{"line":47,"column":37}},"21":{"start":{"line":49,"column":4},"end":{"line":49,"column":16}},"22":{"start":{"line":52,"column":15},"end":{"line":52,"column":53}},"23":{"start":{"line":53,"column":24},"end":{"line":58,"column":3}},"24":{"start":{"line":60,"column":2},"end":{"line":64,"column":3}},"25":{"start":{"line":61,"column":4},"end":{"line":63,"column":5}},"26":{"start":{"line":62,"column":6},"end":{"line":62,"column":39}},"27":{"start":{"line":66,"column":2},"end":{"line":66,"column":14}},"28":{"start":{"line":69,"column":25},"end":{"line":89,"column":1}},"29":{"start":{"line":70,"column":14},"end":{"line":70,"column":46}},"30":{"start":{"line":72,"column":2},"end":{"line":74,"column":3}},"31":{"start":{"line":73,"column":4},"end":{"line":73,"column":21}},"32":{"start":{"line":76,"column":18},"end":{"line":79,"column":4}},"33":{"start":{"line":81,"column":24},"end":{"line":83,"column":4}},"34":{"start":{"line":85,"column":2},"end":{"line":88,"column":4}},"35":{"start":{"line":91,"column":23},"end":{"line":104,"column":1}},"36":{"start":{"line":92,"column":20},"end":{"line":92,"column":55}},"37":{"start":{"line":94,"column":2},"end":{"line":96,"column":3}},"38":{"start":{"line":95,"column":4},"end":{"line":95,"column":21}},"39":{"start":{"line":98,"column":22},"end":{"line":98,"column":78}},"40":{"start":{"line":100,"column":2},"end":{"line":103,"column":4}},"41":{"start":{"line":106,"column":19},"end":{"line":123,"column":1}},"42":{"start":{"line":107,"column":38},"end":{"line":107,"column":45}},"43":{"start":{"line":109,"column":15},"end":{"line":109,"column":42}},"44":{"start":{"line":111,"column":2},"end":{"line":118,"column":3}},"45":{"start":{"line":112,"column":20},"end":{"line":116,"column":7}},"46":{"start":{"line":112,"column":53},"end":{"line":116,"column":5}},"47":{"start":{"line":117,"column":4},"end":{"line":117,"column":40}},"48":{"start":{"line":120,"column":22},"end":{"line":120,"column":94}},"49":{"start":{"line":122,"column":2},"end":{"line":122,"column":37}},"50":{"start":{"line":125,"column":20},"end":{"line":183,"column":1}},"51":{"start":{"line":126,"column":33},"end":{"line":126,"column":40}},"52":{"start":{"line":127,"column":16},"end":{"line":130,"column":3}},"53":{"start":{"line":131,"column":21},"end":{"line":131,"column":41}},"54":{"start":{"line":133,"column":16},"end":{"line":135,"column":3}},"55":{"start":{"line":137,"column":2},"end":{"line":148,"column":3}},"56":{"start":{"line":138,"column":4},"end":{"line":147,"column":6}},"57":{"start":{"line":150,"column":16},"end":{"line":155,"column":3}},"58":{"start":{"line":156,"column":16},"end":{"line":156,"column":41}},"59":{"start":{"line":157,"column":18},"end":{"line":157,"column":46}},"60":{"start":{"line":159,"column":2},"end":{"line":161,"column":3}},"61":{"start":{"line":160,"column":4},"end":{"line":160,"column":16}},"62":{"start":{"line":163,"column":19},"end":{"line":163,"column":23}},"63":{"start":{"line":165,"column":2},"end":{"line":172,"column":3}},"64":{"start":{"line":166,"column":21},"end":{"line":166,"column":44}},"65":{"start":{"line":168,"column":4},"end":{"line":171,"column":7}},"66":{"start":{"line":174,"column":24},"end":{"line":174,"column":68}},"67":{"start":{"line":176,"column":2},"end":{"line":182,"column":4}},"68":{"start":{"line":185,"column":20},"end":{"line":198,"column":1}},"69":{"start":{"line":186,"column":15},"end":{"line":191,"column":4}},"70":{"start":{"line":193,"column":2},"end":{"line":195,"column":3}},"71":{"start":{"line":194,"column":4},"end":{"line":194,"column":46}},"72":{"start":{"line":197,"column":2},"end":{"line":197,"column":30}},"73":{"start":{"line":200,"column":19},"end":{"line":214,"column":1}},"74":{"start":{"line":201,"column":15},"end":{"line":201,"column":42}},"75":{"start":{"line":203,"column":2},"end":{"line":205,"column":3}},"76":{"start":{"line":204,"column":4},"end":{"line":204,"column":46}},"77":{"start":{"line":207,"column":2},"end":{"line":209,"column":3}},"78":{"start":{"line":208,"column":4},"end":{"line":208,"column":72}},"79":{"start":{"line":211,"column":2},"end":{"line":211,"column":29}},"80":{"start":{"line":213,"column":2},"end":{"line":213,"column":14}},"81":{"start":{"line":216,"column":19},"end":{"line":234,"column":1}},"82":{"start":{"line":217,"column":15},"end":{"line":217,"column":42}},"83":{"start":{"line":219,"column":2},"end":{"line":221,"column":3}},"84":{"start":{"line":220,"column":4},"end":{"line":220,"column":46}},"85":{"start":{"line":223,"column":2},"end":{"line":225,"column":3}},"86":{"start":{"line":224,"column":4},"end":{"line":224,"column":72}},"87":{"start":{"line":227,"column":2},"end":{"line":231,"column":3}},"88":{"start":{"line":228,"column":4},"end":{"line":228,"column":43}},"89":{"start":{"line":230,"column":4},"end":{"line":230,"column":25}},"90":{"start":{"line":233,"column":2},"end":{"line":233,"column":14}},"91":{"start":{"line":236,"column":0},"end":{"line":242,"column":2}}},"fnMap":{"0":{"name":"(anonymous_0)","decl":{"start":{"line":37,"column":26},"end":{"line":37,"column":27}},"loc":{"start":{"line":37,"column":43},"end":{"line":67,"column":1}},"line":37},"1":{"name":"(anonymous_1)","decl":{"start":{"line":69,"column":25},"end":{"line":69,"column":26}},"loc":{"start":{"line":69,"column":46},"end":{"line":89,"column":1}},"line":69},"2":{"name":"(anonymous_2)","decl":{"start":{"line":91,"column":23},"end":{"line":91,"column":24}},"loc":{"start":{"line":91,"column":39},"end":{"line":104,"column":1}},"line":91},"3":{"name":"(anonymous_3)","decl":{"start":{"line":106,"column":19},"end":{"line":106,"column":20}},"loc":{"start":{"line":106,"column":38},"end":{"line":123,"column":1}},"line":106},"4":{"name":"(anonymous_4)","decl":{"start":{"line":112,"column":35},"end":{"line":112,"column":36}},"loc":{"start":{"line":112,"column":53},"end":{"line":116,"column":5}},"line":112},"5":{"name":"(anonymous_5)","decl":{"start":{"line":125,"column":20},"end":{"line":125,"column":21}},"loc":{"start":{"line":125,"column":39},"end":{"line":183,"column":1}},"line":125},"6":{"name":"(anonymous_6)","decl":{"start":{"line":185,"column":20},"end":{"line":185,"column":21}},"loc":{"start":{"line":185,"column":34},"end":{"line":198,"column":1}},"line":185},"7":{"name":"(anonymous_7)","decl":{"start":{"line":200,"column":19},"end":{"line":200,"column":20}},"loc":{"start":{"line":200,"column":54},"end":{"line":214,"column":1}},"line":200},"8":{"name":"(anonymous_8)","decl":{"start":{"line":216,"column":19},"end":{"line":216,"column":20}},"loc":{"start":{"line":216,"column":57},"end":{"line":234,"column":1}},"line":216}},"branchMap":{"0":{"loc":{"start":{"line":11,"column":15},"end":{"line":11,"column":61}},"type":"binary-expr","locations":[{"start":{"line":11,"column":15},"end":{"line":11,"column":50}},{"start":{"line":11,"column":54},"end":{"line":11,"column":61}}],"line":11},"1":{"loc":{"start":{"line":38,"column":2},"end":{"line":38,"column":32}},"type":"if","locations":[{"start":{"line":38,"column":2},"end":{"line":38,"column":32}},{"start":{},"end":{}}],"line":38},"2":{"loc":{"start":{"line":40,"column":2},"end":{"line":42,"column":3}},"type":"if","locations":[{"start":{"line":40,"column":2},"end":{"line":42,"column":3}},{"start":{},"end":{}}],"line":40},"3":{"loc":{"start":{"line":61,"column":4},"end":{"line":63,"column":5}},"type":"if","locations":[{"start":{"line":61,"column":4},"end":{"line":63,"column":5}},{"start":{},"end":{}}],"line":61},"4":{"loc":{"start":{"line":72,"column":2},"end":{"line":74,"column":3}},"type":"if","locations":[{"start":{"line":72,"column":2},"end":{"line":74,"column":3}},{"start":{},"end":{}}],"line":72},"5":{"loc":{"start":{"line":92,"column":20},"end":{"line":92,"column":55}},"type":"cond-expr","locations":[{"start":{"line":92,"column":35},"end":{"line":92,"column":48}},{"start":{"line":92,"column":51},"end":{"line":92,"column":55}}],"line":92},"6":{"loc":{"start":{"line":94,"column":2},"end":{"line":96,"column":3}},"type":"if","locations":[{"start":{"line":94,"column":2},"end":{"line":96,"column":3}},{"start":{},"end":{}}],"line":94},"7":{"loc":{"start":{"line":111,"column":2},"end":{"line":118,"column":3}},"type":"if","locations":[{"start":{"line":111,"column":2},"end":{"line":118,"column":3}},{"start":{},"end":{}}],"line":111},"8":{"loc":{"start":{"line":111,"column":6},"end":{"line":111,"column":41}},"type":"binary-expr","locations":[{"start":{"line":111,"column":6},"end":{"line":111,"column":16}},{"start":{"line":111,"column":20},"end":{"line":111,"column":41}}],"line":111},"9":{"loc":{"start":{"line":115,"column":20},"end":{"line":115,"column":46}},"type":"binary-expr","locations":[{"start":{"line":115,"column":20},"end":{"line":115,"column":37}},{"start":{"line":115,"column":41},"end":{"line":115,"column":46}}],"line":115},"10":{"loc":{"start":{"line":126,"column":10},"end":{"line":126,"column":20}},"type":"default-arg","locations":[{"start":{"line":126,"column":18},"end":{"line":126,"column":20}}],"line":126},"11":{"loc":{"start":{"line":137,"column":2},"end":{"line":148,"column":3}},"type":"if","locations":[{"start":{"line":137,"column":2},"end":{"line":148,"column":3}},{"start":{},"end":{}}],"line":137},"12":{"loc":{"start":{"line":159,"column":2},"end":{"line":161,"column":3}},"type":"if","locations":[{"start":{"line":159,"column":2},"end":{"line":161,"column":3}},{"start":{},"end":{}}],"line":159},"13":{"loc":{"start":{"line":165,"column":2},"end":{"line":172,"column":3}},"type":"if","locations":[{"start":{"line":165,"column":2},"end":{"line":172,"column":3}},{"start":{},"end":{}}],"line":165},"14":{"loc":{"start":{"line":165,"column":6},"end":{"line":165,"column":29}},"type":"binary-expr","locations":[{"start":{"line":165,"column":6},"end":{"line":165,"column":13}},{"start":{"line":165,"column":17},"end":{"line":165,"column":29}}],"line":165},"15":{"loc":{"start":{"line":193,"column":2},"end":{"line":195,"column":3}},"type":"if","locations":[{"start":{"line":193,"column":2},"end":{"line":195,"column":3}},{"start":{},"end":{}}],"line":193},"16":{"loc":{"start":{"line":203,"column":2},"end":{"line":205,"column":3}},"type":"if","locations":[{"start":{"line":203,"column":2},"end":{"line":205,"column":3}},{"start":{},"end":{}}],"line":203},"17":{"loc":{"start":{"line":207,"column":2},"end":{"line":209,"column":3}},"type":"if","locations":[{"start":{"line":207,"column":2},"end":{"line":209,"column":3}},{"start":{},"end":{}}],"line":207},"18":{"loc":{"start":{"line":219,"column":2},"end":{"line":221,"column":3}},"type":"if","locations":[{"start":{"line":219,"column":2},"end":{"line":221,"column":3}},{"start":{},"end":{}}],"line":219},"19":{"loc":{"start":{"line":223,"column":2},"end":{"line":225,"column":3}},"type":"if","locations":[{"start":{"line":223,"column":2},"end":{"line":225,"column":3}},{"start":{},"end":{}}],"line":223},"20":{"loc":{"start":{"line":227,"column":2},"end":{"line":231,"column":3}},"type":"if","locations":[{"start":{"line":227,"column":2},"end":{"line":231,"column":3}},{"start":{"line":229,"column":9},"end":{"line":231,"column":3}}],"line":227}},"s":{"0":2,"1":2,"2":2,"3":2,"4":2,"5":2,"6":2,"7":2,"8":2,"9":2,"10":2,"11":2,"12":2,"13":2,"14":2,"15":4,"16":0,"17":4,"18":1,"19":3,"20":3,"21":1,"22":2,"23":2,"24":2,"25":5,"26":1,"27":1,"28":2,"29":4,"30":4,"31":2,"32":2,"33":2,"34":2,"35":2,"36":19,"37":19,"38":15,"39":4,"40":4,"41":2,"42":3,"43":3,"44":3,"45":2,"46":3,"47":2,"48":3,"49":3,"50":2,"51":3,"52":3,"53":3,"54":3,"55":3,"56":1,"57":3,"58":3,"59":3,"60":3,"61":1,"62":3,"63":3,"64":1,"65":1,"66":3,"67":3,"68":2,"69":7,"70":7,"71":2,"72":5,"73":2,"74":4,"75":4,"76":1,"77":3,"78":2,"79":1,"80":1,"81":2,"82":4,"83":4,"84":1,"85":3,"86":1,"87":2,"88":1,"89":1,"90":2,"91":2},"f":{"0":4,"1":4,"2":19,"3":3,"4":3,"5":3,"6":7,"7":4,"8":4},"b":{"0":[2,0],"1":[0,4],"2":[1,3],"3":[1,4],"4":[2,2],"5":[19,0],"6":[15,4],"7":[2,1],"8":[3,2],"9":[3,3],"10":[0],"11":[1,2],"12":[1,2],"13":[1,2],"14":[3,1],"15":[2,5],"16":[1,3],"17":[2,1],"18":[1,3],"19":[1,2],"20":[1,1]},"_coverageSchema":"1a1c01bbd47fc00a2c39e90264f33305004495a9","hash":"7909962e539b1fa1dcc47a5a506e9dec460c37c7"}
,"C:\\Projects 2026\\job-listing-app\\backend\\src\\modules\\posts\\posts.validation.js": {"path":"C:\\Projects 2026\\job-listing-app\\backend\\src\\modules\\posts\\posts.validation.js","statementMap":{"0":{"start":{"line":1,"column":14},"end":{"line":1,"column":28}},"1":{"start":{"line":3,"column":24},"end":{"line":14,"column":2}},"2":{"start":{"line":16,"column":25},"end":{"line":21,"column":2}},"3":{"start":{"line":23,"column":25},"end":{"line":26,"column":2}},"4":{"start":{"line":28,"column":0},"end":{"line":32,"column":2}}},"fnMap":{},"branchMap":{},"s":{"0":1,"1":1,"2":1,"3":1,"4":1},"f":{},"b":{},"_coverageSchema":"1a1c01bbd47fc00a2c39e90264f33305004495a9","hash":"5ee7aa0d2356b05b9a8b40f7da9d02ce41ce3722"}
,"C:\\Projects 2026\\job-listing-app\\backend\\src\\modules\\roles\\role.model.js": {"path":"C:\\Projects 2026\\job-listing-app\\backend\\src\\modules\\roles\\role.model.js","statementMap":{"0":{"start":{"line":1,"column":22},"end":{"line":1,"column":42}},"1":{"start":{"line":3,"column":18},"end":{"line":3,"column":44}},"2":{"start":{"line":5,"column":13},"end":{"line":28,"column":1}},"3":{"start":{"line":30,"column":0},"end":{"line":30,"column":22}}},"fnMap":{},"branchMap":{},"s":{"0":2,"1":2,"2":2,"3":2},"f":{},"b":{},"_coverageSchema":"1a1c01bbd47fc00a2c39e90264f33305004495a9","hash":"5b6e9eecfe7063057bd321fe561b7dc6a2936bdc"}
,"C:\\Projects 2026\\job-listing-app\\backend\\src\\modules\\uploads\\upload.controller.js": {"path":"C:\\Projects 2026\\job-listing-app\\backend\\src\\modules\\uploads\\upload.controller.js","statementMap":{"0":{"start":{"line":1,"column":21},"end":{"line":1,"column":63}},"1":{"start":{"line":2,"column":28},"end":{"line":2,"column":58}},"2":{"start":{"line":3,"column":22},"end":{"line":3,"column":49}},"3":{"start":{"line":14,"column":27},"end":{"line":26,"column":2}},"4":{"start":{"line":15,"column":24},"end":{"line":15,"column":55}},"5":{"start":{"line":17,"column":17},"end":{"line":20,"column":3}},"6":{"start":{"line":22,"column":2},"end":{"line":25,"column":5}},"7":{"start":{"line":28,"column":0},"end":{"line":28,"column":40}}},"fnMap":{"0":{"name":"(anonymous_0)","decl":{"start":{"line":14,"column":40},"end":{"line":14,"column":41}},"loc":{"start":{"line":14,"column":60},"end":{"line":26,"column":1}},"line":14}},"branchMap":{},"s":{"0":1,"1":1,"2":1,"3":1,"4":8,"5":3,"6":2,"7":1},"f":{"0":8},"b":{},"_coverageSchema":"1a1c01bbd47fc00a2c39e90264f33305004495a9","hash":"f80ba17682397557567e287190420c006fee47bc"}
,"C:\\Projects 2026\\job-listing-app\\backend\\src\\modules\\uploads\\upload.route.js": {"path":"C:\\Projects 2026\\job-listing-app\\backend\\src\\modules\\uploads\\upload.route.js","statementMap":{"0":{"start":{"line":1,"column":16},"end":{"line":1,"column":34}},"1":{"start":{"line":2,"column":23},"end":{"line":2,"column":66}},"2":{"start":{"line":3,"column":31},"end":{"line":3,"column":61}},"3":{"start":{"line":5,"column":15},"end":{"line":5,"column":31}},"4":{"start":{"line":15,"column":0},"end":{"line":15,"column":63}},"5":{"start":{"line":17,"column":0},"end":{"line":17,"column":24}}},"fnMap":{},"branchMap":{},"s":{"0":1,"1":1,"2":1,"3":1,"4":1,"5":1},"f":{},"b":{},"_coverageSchema":"1a1c01bbd47fc00a2c39e90264f33305004495a9","hash":"2fbe9897cb2ae0e76caeea8fd5bfb82739e90f74"}
,"C:\\Projects 2026\\job-listing-app\\backend\\src\\modules\\uploads\\upload.service.js": {"path":"C:\\Projects 2026\\job-listing-app\\backend\\src\\modules\\uploads\\upload.service.js","statementMap":{"0":{"start":{"line":1,"column":15},"end":{"line":1,"column":32}},"1":{"start":{"line":5,"column":4},"end":{"line":5,"column":33}},"2":{"start":{"line":6,"column":25},"end":{"line":6,"column":65}},"3":{"start":{"line":7,"column":28},"end":{"line":7,"column":64}},"4":{"start":{"line":11,"column":20},"end":{"line":23,"column":1}},"5":{"start":{"line":25,"column":15},"end":{"line":25,"column":61}},"6":{"start":{"line":27,"column":11},"end":{"line":35,"column":2}},"7":{"start":{"line":40,"column":30},"end":{"line":74,"column":1}},"8":{"start":{"line":44,"column":2},"end":{"line":73,"column":3}},"9":{"start":{"line":46,"column":6},"end":{"line":48,"column":11}},"10":{"start":{"line":50,"column":16},"end":{"line":50,"column":81}},"11":{"start":{"line":52,"column":22},"end":{"line":52,"column":25}},"12":{"start":{"line":54,"column":20},"end":{"line":58,"column":6}},"13":{"start":{"line":60,"column":22},"end":{"line":62,"column":6}},"14":{"start":{"line":64,"column":4},"end":{"line":68,"column":6}},"15":{"start":{"line":70,"column":4},"end":{"line":72,"column":6}},"16":{"start":{"line":76,"column":0},"end":{"line":78,"column":2}}},"fnMap":{"0":{"name":"(anonymous_0)","decl":{"start":{"line":40,"column":30},"end":{"line":40,"column":31}},"loc":{"start":{"line":43,"column":5},"end":{"line":74,"column":1}},"line":43}},"branchMap":{"0":{"loc":{"start":{"line":25,"column":15},"end":{"line":25,"column":61}},"type":"binary-expr","locations":[{"start":{"line":25,"column":15},"end":{"line":25,"column":50}},{"start":{"line":25,"column":54},"end":{"line":25,"column":61}}],"line":25},"1":{"loc":{"start":{"line":46,"column":6},"end":{"line":48,"column":11}},"type":"binary-expr","locations":[{"start":{"line":46,"column":6},"end":{"line":46,"column":27}},{"start":{"line":47,"column":6},"end":{"line":47,"column":31}},{"start":{"line":48,"column":6},"end":{"line":48,"column":11}}],"line":46}},"s":{"0":2,"1":2,"2":2,"3":2,"4":2,"5":2,"6":2,"7":2,"8":8,"9":8,"10":8,"11":8,"12":8,"13":8,"14":6,"15":2,"16":2},"f":{"0":8},"b":{"0":[2,2],"1":[8,2,0]},"_coverageSchema":"1a1c01bbd47fc00a2c39e90264f33305004495a9","hash":"66ab79facb93e05c00479421440e79e902a57535"}
,"C:\\Projects 2026\\job-listing-app\\backend\\src\\modules\\uploads\\upload.validation.js": {"path":"C:\\Projects 2026\\job-listing-app\\backend\\src\\modules\\uploads\\upload.validation.js","statementMap":{"0":{"start":{"line":1,"column":14},"end":{"line":1,"column":28}},"1":{"start":{"line":2,"column":25},"end":{"line":2,"column":41}},"2":{"start":{"line":5,"column":27},"end":{"line":19,"column":2}},"3":{"start":{"line":21,"column":24},"end":{"line":46,"column":2}},"4":{"start":{"line":26,"column":37},"end":{"line":26,"column":62}},"5":{"start":{"line":48,"column":0},"end":{"line":48,"column":75}}},"fnMap":{"0":{"name":"(anonymous_0)","decl":{"start":{"line":26,"column":30},"end":{"line":26,"column":31}},"loc":{"start":{"line":26,"column":37},"end":{"line":26,"column":62}},"line":26}},"branchMap":{},"s":{"0":1,"1":1,"2":1,"3":1,"4":8,"5":1},"f":{"0":8},"b":{},"_coverageSchema":"1a1c01bbd47fc00a2c39e90264f33305004495a9","hash":"3c4894af00f215ea04cec6df46af80969b6fc050"}
,"C:\\Projects 2026\\job-listing-app\\backend\\src\\modules\\users\\user.model.js": {"path":"C:\\Projects 2026\\job-listing-app\\backend\\src\\modules\\users\\user.model.js","statementMap":{"0":{"start":{"line":1,"column":22},"end":{"line":1,"column":42}},"1":{"start":{"line":2,"column":18},"end":{"line":2,"column":44}},"2":{"start":{"line":4,"column":13},"end":{"line":54,"column":1}},"3":{"start":{"line":33,"column":8},"end":{"line":33,"column":59}},"4":{"start":{"line":56,"column":0},"end":{"line":56,"column":22}}},"fnMap":{"0":{"name":"(anonymous_0)","decl":{"start":{"line":32,"column":6},"end":{"line":32,"column":7}},"loc":{"start":{"line":32,"column":17},"end":{"line":34,"column":7}},"line":32}},"branchMap":{},"s":{"0":7,"1":7,"2":7,"3":1,"4":7},"f":{"0":1},"b":{},"_coverageSchema":"1a1c01bbd47fc00a2c39e90264f33305004495a9","hash":"2630a3a1575f09f4e43d01012663eb002f083910"}
,"C:\\Projects 2026\\job-listing-app\\backend\\src\\queues\\email.queue.js": {"path":"C:\\Projects 2026\\job-listing-app\\backend\\src\\queues\\email.queue.js","statementMap":{"0":{"start":{"line":11,"column":18},"end":{"line":11,"column":35}},"1":{"start":{"line":12,"column":34},"end":{"line":12,"column":60}},"2":{"start":{"line":13,"column":0},"end":{"line":13,"column":25}},"3":{"start":{"line":15,"column":19},"end":{"line":15,"column":78}},"4":{"start":{"line":21,"column":2},"end":{"line":41,"column":3}},"5":{"start":{"line":23,"column":4},"end":{"line":23,"column":41}},"6":{"start":{"line":25,"column":4},"end":{"line":40,"column":7}},"7":{"start":{"line":43,"column":2},"end":{"line":43,"column":20}},"8":{"start":{"line":69,"column":16},"end":{"line":69,"column":31}},"9":{"start":{"line":70,"column":16},"end":{"line":70,"column":57}},"10":{"start":{"line":72,"column":14},"end":{"line":88,"column":3}},"11":{"start":{"line":90,"column":2},"end":{"line":90,"column":13}},"12":{"start":{"line":94,"column":2},"end":{"line":97,"column":3}},"13":{"start":{"line":95,"column":4},"end":{"line":95,"column":29}},"14":{"start":{"line":96,"column":4},"end":{"line":96,"column":27}},"15":{"start":{"line":99,"column":2},"end":{"line":102,"column":3}},"16":{"start":{"line":100,"column":4},"end":{"line":100,"column":28}},"17":{"start":{"line":101,"column":4},"end":{"line":101,"column":27}},"18":{"start":{"line":105,"column":0},"end":{"line":113,"column":2}},"19":{"start":{"line":107,"column":4},"end":{"line":107,"column":27}}},"fnMap":{"0":{"name":"getEmailQueue","decl":{"start":{"line":20,"column":9},"end":{"line":20,"column":22}},"loc":{"start":{"line":20,"column":25},"end":{"line":44,"column":1}},"line":20},"1":{"name":"enqueueStatusEmail","decl":{"start":{"line":62,"column":15},"end":{"line":62,"column":33}},"loc":{"start":{"line":68,"column":3},"end":{"line":91,"column":1}},"line":68},"2":{"name":"closeEmailQueue","decl":{"start":{"line":93,"column":15},"end":{"line":93,"column":30}},"loc":{"start":{"line":93,"column":33},"end":{"line":103,"column":1}},"line":93},"3":{"name":"(anonymous_3)","decl":{"start":{"line":106,"column":2},"end":{"line":106,"column":3}},"loc":{"start":{"line":106,"column":19},"end":{"line":108,"column":3}},"line":106}},"branchMap":{"0":{"loc":{"start":{"line":15,"column":19},"end":{"line":15,"column":78}},"type":"binary-expr","locations":[{"start":{"line":15,"column":19},"end":{"line":15,"column":47}},{"start":{"line":15,"column":51},"end":{"line":15,"column":78}}],"line":15},"1":{"loc":{"start":{"line":21,"column":2},"end":{"line":41,"column":3}},"type":"if","locations":[{"start":{"line":21,"column":2},"end":{"line":41,"column":3}},{"start":{},"end":{}}],"line":21},"2":{"loc":{"start":{"line":28,"column":25},"end":{"line":28,"column":60}},"type":"binary-expr","locations":[{"start":{"line":28,"column":25},"end":{"line":28,"column":55}},{"start":{"line":28,"column":59},"end":{"line":28,"column":60}}],"line":28},"3":{"loc":{"start":{"line":31,"column":24},"end":{"line":31,"column":70}},"type":"binary-expr","locations":[{"start":{"line":31,"column":24},"end":{"line":31,"column":62}},{"start":{"line":31,"column":66},"end":{"line":31,"column":70}}],"line":31},"4":{"loc":{"start":{"line":67,"column":2},"end":{"line":67,"column":11}},"type":"default-arg","locations":[{"start":{"line":67,"column":9},"end":{"line":67,"column":11}}],"line":67},"5":{"loc":{"start":{"line":94,"column":2},"end":{"line":97,"column":3}},"type":"if","locations":[{"start":{"line":94,"column":2},"end":{"line":97,"column":3}},{"start":{},"end":{}}],"line":94},"6":{"loc":{"start":{"line":99,"column":2},"end":{"line":102,"column":3}},"type":"if","locations":[{"start":{"line":99,"column":2},"end":{"line":102,"column":3}},{"start":{},"end":{}}],"line":99}},"s":{"0":8,"1":8,"2":8,"3":8,"4":6,"5":5,"6":5,"7":6,"8":2,"9":2,"10":2,"11":2,"12":2,"13":1,"14":1,"15":2,"16":1,"17":1,"18":8,"19":1},"f":{"0":6,"1":2,"2":2,"3":1},"b":{"0":[8,8],"1":[5,1],"2":[5,5],"3":[5,5],"4":[1],"5":[1,1],"6":[1,1]},"_coverageSchema":"1a1c01bbd47fc00a2c39e90264f33305004495a9","hash":"83e5bb65cc5e74014e9a691b731efa42a08f1058"}
,"C:\\Projects 2026\\job-listing-app\\backend\\src\\shared\\constants\\applicationStatus.js": {"path":"C:\\Projects 2026\\job-listing-app\\backend\\src\\shared\\constants\\applicationStatus.js","statementMap":{"0":{"start":{"line":1,"column":27},"end":{"line":7,"column":1}},"1":{"start":{"line":9,"column":33},"end":{"line":15,"column":1}},"2":{"start":{"line":17,"column":0},"end":{"line":20,"column":2}}},"fnMap":{},"branchMap":{},"s":{"0":3,"1":3,"2":3},"f":{},"b":{},"_coverageSchema":"1a1c01bbd47fc00a2c39e90264f33305004495a9","hash":"e918a2cc688b34aa47b143722a4ddf9b82e620ac"}
,"C:\\Projects 2026\\job-listing-app\\backend\\src\\shared\\utils\\asyncHandler.js": {"path":"C:\\Projects 2026\\job-listing-app\\backend\\src\\shared\\utils\\asyncHandler.js","statementMap":{"0":{"start":{"line":1,"column":21},"end":{"line":5,"column":1}},"1":{"start":{"line":2,"column":2},"end":{"line":4,"column":4}},"2":{"start":{"line":3,"column":4},"end":{"line":3,"column":52}},"3":{"start":{"line":7,"column":0},"end":{"line":7,"column":30}}},"fnMap":{"0":{"name":"(anonymous_0)","decl":{"start":{"line":1,"column":21},"end":{"line":1,"column":22}},"loc":{"start":{"line":1,"column":29},"end":{"line":5,"column":1}},"line":1},"1":{"name":"(anonymous_1)","decl":{"start":{"line":2,"column":9},"end":{"line":2,"column":10}},"loc":{"start":{"line":2,"column":29},"end":{"line":4,"column":3}},"line":2}},"branchMap":{},"s":{"0":6,"1":25,"2":81,"3":6},"f":{"0":25,"1":81},"b":{},"_coverageSchema":"1a1c01bbd47fc00a2c39e90264f33305004495a9","hash":"1e2e1c2c5d29bb8618d881ae56953fc3b2a8cad2"}
,"C:\\Projects 2026\\job-listing-app\\backend\\src\\shared\\utils\\errors.js": {"path":"C:\\Projects 2026\\job-listing-app\\backend\\src\\shared\\utils\\errors.js","statementMap":{"0":{"start":{"line":3,"column":4},"end":{"line":3,"column":19}},"1":{"start":{"line":4,"column":4},"end":{"line":4,"column":38}},"2":{"start":{"line":5,"column":4},"end":{"line":5,"column":33}},"3":{"start":{"line":6,"column":4},"end":{"line":6,"column":30}},"4":{"start":{"line":7,"column":4},"end":{"line":7,"column":52}},"5":{"start":{"line":13,"column":4},"end":{"line":13,"column":24}},"6":{"start":{"line":19,"column":4},"end":{"line":19,"column":24}},"7":{"start":{"line":25,"column":4},"end":{"line":25,"column":24}},"8":{"start":{"line":31,"column":4},"end":{"line":31,"column":24}},"9":{"start":{"line":37,"column":4},"end":{"line":37,"column":24}},"10":{"start":{"line":43,"column":4},"end":{"line":43,"column":24}},"11":{"start":{"line":49,"column":4},"end":{"line":49,"column":24}},"12":{"start":{"line":53,"column":0},"end":{"line":62,"column":2}}},"fnMap":{"0":{"name":"(anonymous_0)","decl":{"start":{"line":2,"column":2},"end":{"line":2,"column":3}},"loc":{"start":{"line":2,"column":35},"end":{"line":8,"column":3}},"line":2},"1":{"name":"(anonymous_1)","decl":{"start":{"line":12,"column":2},"end":{"line":12,"column":3}},"loc":{"start":{"line":12,"column":39},"end":{"line":14,"column":3}},"line":12},"2":{"name":"(anonymous_2)","decl":{"start":{"line":18,"column":2},"end":{"line":18,"column":3}},"loc":{"start":{"line":18,"column":40},"end":{"line":20,"column":3}},"line":18},"3":{"name":"(anonymous_3)","decl":{"start":{"line":24,"column":2},"end":{"line":24,"column":3}},"loc":{"start":{"line":24,"column":37},"end":{"line":26,"column":3}},"line":24},"4":{"name":"(anonymous_4)","decl":{"start":{"line":30,"column":2},"end":{"line":30,"column":3}},"loc":{"start":{"line":30,"column":37},"end":{"line":32,"column":3}},"line":30},"5":{"name":"(anonymous_5)","decl":{"start":{"line":36,"column":2},"end":{"line":36,"column":3}},"loc":{"start":{"line":36,"column":36},"end":{"line":38,"column":3}},"line":36},"6":{"name":"(anonymous_6)","decl":{"start":{"line":42,"column":2},"end":{"line":42,"column":3}},"loc":{"start":{"line":42,"column":48},"end":{"line":44,"column":3}},"line":42},"7":{"name":"(anonymous_7)","decl":{"start":{"line":48,"column":2},"end":{"line":48,"column":3}},"loc":{"start":{"line":48,"column":39},"end":{"line":50,"column":3}},"line":48}},"branchMap":{"0":{"loc":{"start":{"line":12,"column":14},"end":{"line":12,"column":37}},"type":"default-arg","locations":[{"start":{"line":12,"column":24},"end":{"line":12,"column":37}}],"line":12},"1":{"loc":{"start":{"line":18,"column":14},"end":{"line":18,"column":38}},"type":"default-arg","locations":[{"start":{"line":18,"column":24},"end":{"line":18,"column":38}}],"line":18},"2":{"loc":{"start":{"line":24,"column":14},"end":{"line":24,"column":35}},"type":"default-arg","locations":[{"start":{"line":24,"column":24},"end":{"line":24,"column":35}}],"line":24},"3":{"loc":{"start":{"line":30,"column":14},"end":{"line":30,"column":35}},"type":"default-arg","locations":[{"start":{"line":30,"column":24},"end":{"line":30,"column":35}}],"line":30},"4":{"loc":{"start":{"line":36,"column":14},"end":{"line":36,"column":34}},"type":"default-arg","locations":[{"start":{"line":36,"column":24},"end":{"line":36,"column":34}}],"line":36},"5":{"loc":{"start":{"line":42,"column":14},"end":{"line":42,"column":46}},"type":"default-arg","locations":[{"start":{"line":42,"column":24},"end":{"line":42,"column":46}}],"line":42},"6":{"loc":{"start":{"line":48,"column":14},"end":{"line":48,"column":37}},"type":"default-arg","locations":[{"start":{"line":48,"column":24},"end":{"line":48,"column":37}}],"line":48}},"s":{"0":86,"1":86,"2":86,"3":86,"4":86,"5":10,"6":14,"7":21,"8":30,"9":7,"10":1,"11":1,"12":20},"f":{"0":86,"1":10,"2":14,"3":21,"4":30,"5":7,"6":1,"7":1},"b":{"0":[1],"1":[1],"2":[1],"3":[1],"4":[1],"5":[1],"6":[1]},"_coverageSchema":"1a1c01bbd47fc00a2c39e90264f33305004495a9","hash":"bb8102a9bb144a40361c744fb72c718a8133c73a"}
,"C:\\Projects 2026\\job-listing-app\\backend\\src\\utils\\cursor.js": {"path":"C:\\Projects 2026\\job-listing-app\\backend\\src\\utils\\cursor.js","statementMap":{"0":{"start":{"line":1,"column":21},"end":{"line":8,"column":1}},"1":{"start":{"line":2,"column":2},"end":{"line":7,"column":23}},"2":{"start":{"line":10,"column":21},"end":{"line":18,"column":1}},"3":{"start":{"line":11,"column":2},"end":{"line":11,"column":27}},"4":{"start":{"line":11,"column":15},"end":{"line":11,"column":27}},"5":{"start":{"line":13,"column":2},"end":{"line":17,"column":3}},"6":{"start":{"line":14,"column":4},"end":{"line":14,"column":64}},"7":{"start":{"line":16,"column":4},"end":{"line":16,"column":16}},"8":{"start":{"line":20,"column":0},"end":{"line":23,"column":2}}},"fnMap":{"0":{"name":"(anonymous_0)","decl":{"start":{"line":1,"column":21},"end":{"line":1,"column":22}},"loc":{"start":{"line":1,"column":44},"end":{"line":8,"column":1}},"line":1},"1":{"name":"(anonymous_1)","decl":{"start":{"line":10,"column":21},"end":{"line":10,"column":22}},"loc":{"start":{"line":10,"column":33},"end":{"line":18,"column":1}},"line":10}},"branchMap":{"0":{"loc":{"start":{"line":11,"column":2},"end":{"line":11,"column":27}},"type":"if","locations":[{"start":{"line":11,"column":2},"end":{"line":11,"column":27}},{"start":{},"end":{}}],"line":11}},"s":{"0":5,"1":1,"2":5,"3":5,"4":3,"5":2,"6":2,"7":1,"8":5},"f":{"0":1,"1":5},"b":{"0":[3,2]},"_coverageSchema":"1a1c01bbd47fc00a2c39e90264f33305004495a9","hash":"b56c8c54659717d95576b10ff458daa6c0be43b7"}
}
