TN:
SF:src\config\db.js
FNF:0
FNH:0
DA:1,14
DA:2,14
DA:3,14
DA:16,14
LF:4
LH:4
BRF:0
BRH:0
end_of_record
TN:
SF:src\config\env.js
FNF:0
FNH:0
DA:1,28
DA:2,28
DA:4,28
DA:7,28
DA:9,28
LF:5
LH:5
BRDA:7,0,0,1
BRDA:7,0,1,27
BRF:2
BRH:2
end_of_record
TN:
SF:src\config\redis.js
FN:28,isTestEnv
FN:32,buildRedisOptions
FN:46,(anonymous_2)
FN:59,createRedisConnection
FN:62,(anonymous_4)
FN:70,(anonymous_5)
FNF:6
FNH:6
FNDA:4,isTestEnv
FNDA:5,buildRedisOptions
FNDA:2,(anonymous_2)
FNDA:3,createRedisConnection
FNDA:2,(anonymous_4)
FNDA:2,(anonymous_5)
DA:25,7
DA:26,7
DA:29,4
DA:33,5
DA:48,2
DA:60,3
DA:62,3
DA:65,2
DA:66,1
DA:70,3
DA:71,2
DA:72,1
DA:76,3
DA:79,7
LF:14
LH:14
BRDA:29,0,0,4
BRDA:29,0,1,2
BRDA:34,1,0,5
BRDA:34,1,1,0
BRDA:35,2,0,5
BRDA:35,2,1,5
BRDA:36,3,0,5
BRDA:36,3,1,5
BRDA:37,4,0,1
BRDA:37,4,1,4
BRDA:65,5,0,1
BRDA:65,5,1,1
BRDA:71,6,0,1
BRDA:71,6,1,1
BRF:14
BRH:13
end_of_record
TN:
SF:src\middleware\error.middleware.js
FN:4,(anonymous_0)
FN:10,(anonymous_1)
FN:38,(anonymous_2)
FNF:3
FNH:3
FNDA:51,(anonymous_0)
FNDA:28,(anonymous_1)
FNDA:1,(anonymous_2)
DA:1,7
DA:2,7
DA:4,7
DA:6,51
DA:7,23
DA:10,28
DA:18,28
DA:19,22
DA:26,6
DA:27,1
DA:34,5
DA:35,1
DA:38,1
DA:43,4
DA:44,1
DA:50,3
DA:51,1
DA:58,2
DA:60,2
DA:66,7
LF:20
LH:20
BRDA:6,0,0,23
BRDA:6,0,1,28
BRDA:18,1,0,22
BRDA:18,1,1,6
BRDA:26,2,0,1
BRDA:26,2,1,5
BRDA:34,3,0,1
BRDA:34,3,1,4
BRDA:43,4,0,1
BRDA:43,4,1,3
BRDA:50,5,0,1
BRDA:50,5,1,2
BRDA:62,6,0,1
BRDA:62,6,1,1
BRF:14
BRH:14
end_of_record
TN:
SF:src\modules\applications\application.controller.js
FN:7,(anonymous_0)
FN:18,(anonymous_1)
FN:27,(anonymous_2)
FN:39,(anonymous_3)
FN:51,(anonymous_4)
FNF:5
FNH:5
FNDA:5,(anonymous_0)
FNDA:2,(anonymous_1)
FNDA:2,(anonymous_2)
FNDA:2,(anonymous_3)
FNDA:3,(anonymous_4)
DA:1,1
DA:3,1
DA:5,1
DA:7,1
DA:8,5
DA:10,3
DA:12,1
DA:18,1
DA:19,2
DA:21,2
DA:27,1
DA:28,2
DA:33,1
DA:39,1
DA:40,2
DA:45,1
DA:51,1
DA:52,3
DA:54,2
DA:60,1
DA:66,1
LF:21
LH:21
BRF:0
BRH:0
end_of_record
TN:
SF:src\modules\applications\application.model.js
FNF:0
FNH:0
DA:1,2
DA:3,2
DA:5,2
DA:60,2
LF:4
LH:4
BRF:0
BRH:0
end_of_record
TN:
SF:src\modules\applications\application.route.js
FNF:0
FNH:0
DA:1,1
DA:3,1
DA:5,1
DA:7,1
DA:15,1
DA:17,1
DA:19,1
DA:21,1
DA:23,1
DA:25,1
DA:27,1
DA:29,1
LF:12
LH:12
BRF:0
BRH:0
end_of_record
TN:
SF:src\modules\applications\application.service.js
FN:20,(anonymous_0)
FN:59,(anonymous_1)
FN:77,(anonymous_2)
FN:106,(anonymous_3)
FN:137,(anonymous_4)
FNF:5
FNH:5
FNDA:5,(anonymous_0)
FNDA:2,(anonymous_1)
FNDA:3,(anonymous_2)
FNDA:3,(anonymous_3)
FNDA:6,(anonymous_4)
DA:1,2
DA:3,2
DA:5,2
DA:6,2
DA:12,2
DA:17,2
DA:18,2
DA:20,2
DA:21,5
DA:23,5
DA:24,2
DA:31,3
DA:38,3
DA:39,2
DA:42,1
DA:56,1
DA:59,2
DA:60,2
DA:77,2
DA:78,3
DA:80,3
DA:81,1
DA:84,2
DA:85,1
DA:88,1
DA:106,2
DA:107,3
DA:115,3
DA:116,1
DA:119,2
DA:120,1
DA:123,1
DA:137,2
DA:138,6
DA:150,6
DA:151,1
DA:154,5
DA:155,1
DA:158,4
DA:159,4
DA:160,4
DA:162,4
DA:163,2
DA:166,2
DA:173,2
DA:174,2
DA:175,2
DA:189,1
DA:192,2
DA:195,2
LF:50
LH:50
BRDA:23,0,0,2
BRDA:23,0,1,3
BRDA:38,1,0,2
BRDA:38,1,1,1
BRDA:80,2,0,1
BRDA:80,2,1,2
BRDA:84,3,0,1
BRDA:84,3,1,1
BRDA:115,4,0,1
BRDA:115,4,1,2
BRDA:119,5,0,1
BRDA:119,5,1,1
BRDA:150,6,0,1
BRDA:150,6,1,5
BRDA:154,7,0,1
BRDA:154,7,1,4
BRDA:160,8,0,4
BRDA:160,8,1,0
BRDA:162,9,0,2
BRDA:162,9,1,2
BRF:20
BRH:19
end_of_record
TN:
SF:src\modules\applications\application.validation.js
FNF:0
FNH:0
DA:1,1
DA:2,1
DA:4,1
DA:12,1
DA:22,1
LF:5
LH:5
BRF:0
BRH:0
end_of_record
TN:
SF:src\modules\auth\auth.controller.js
FN:9,(anonymous_0)
FN:15,(anonymous_1)
FN:20,(anonymous_2)
FN:24,(anonymous_3)
FN:29,(anonymous_4)
FN:41,(anonymous_5)
FN:56,(anonymous_6)
FN:80,(anonymous_7)
FNF:8
FNH:8
FNDA:9,(anonymous_0)
FNDA:4,(anonymous_1)
FNDA:4,(anonymous_2)
FNDA:5,(anonymous_3)
FNDA:6,(anonymous_4)
FNDA:6,(anonymous_5)
FNDA:4,(anonymous_6)
FNDA:2,(anonymous_7)
DA:1,1
DA:3,1
DA:5,1
DA:7,1
DA:9,9
DA:15,4
DA:20,1
DA:21,4
DA:24,1
DA:25,5
DA:26,5
DA:29,1
DA:30,6
DA:32,3
DA:34,1
DA:41,1
DA:42,6
DA:44,4
DA:46,3
DA:48,3
DA:56,1
DA:59,4
DA:60,4
DA:62,3
DA:64,3
DA:70,1
DA:72,1
DA:80,1
DA:81,2
DA:83,2
DA:89,1
LF:31
LH:31
BRDA:17,0,0,4
BRDA:17,0,1,0
BRDA:66,1,0,3
BRDA:66,1,1,0
BRF:4
BRH:2
end_of_record
TN:
SF:src\modules\auth\auth.route.js
FNF:0
FNH:0
DA:1,1
DA:3,1
DA:5,1
DA:7,1
DA:9,1
DA:11,1
DA:13,1
DA:15,1
LF:8
LH:8
BRF:0
BRH:0
end_of_record
TN:
SF:src\modules\auth\auth.service.js
FN:13,(anonymous_0)
FN:21,(anonymous_1)
FN:23,(anonymous_2)
FN:29,(anonymous_3)
FN:37,(anonymous_4)
FN:42,(anonymous_5)
FN:53,(anonymous_6)
FN:58,(anonymous_7)
FN:98,(anonymous_8)
FN:128,(anonymous_9)
FNF:10
FNH:10
FNDA:6,(anonymous_0)
FNDA:10,(anonymous_1)
FNDA:4,(anonymous_2)
FNDA:3,(anonymous_3)
FNDA:4,(anonymous_4)
FNDA:3,(anonymous_5)
FNDA:4,(anonymous_6)
FNDA:6,(anonymous_7)
FNDA:7,(anonymous_8)
FNDA:10,(anonymous_9)
DA:1,2
DA:2,2
DA:4,2
DA:5,2
DA:11,2
DA:13,2
DA:14,6
DA:15,1
DA:18,5
DA:21,10
DA:23,4
DA:29,3
DA:37,2
DA:38,4
DA:42,2
DA:43,3
DA:53,4
DA:58,2
DA:59,6
DA:65,6
DA:66,2
DA:69,4
DA:75,4
DA:76,2
DA:79,2
DA:81,2
DA:89,1
DA:98,2
DA:99,7
DA:110,6
DA:111,2
DA:114,4
DA:116,4
DA:117,2
DA:120,2
DA:122,1
DA:128,2
DA:129,10
DA:130,3
DA:135,7
DA:136,7
DA:138,3
DA:141,4
DA:149,4
DA:150,2
DA:153,2
DA:155,2
DA:161,2
LF:48
LH:48
BRDA:14,0,0,1
BRDA:14,0,1,5
BRDA:21,1,0,10
BRDA:21,1,1,2
BRDA:39,2,0,3
BRDA:39,2,1,0
BRDA:49,3,0,3
BRDA:49,3,1,0
BRDA:65,4,0,2
BRDA:65,4,1,4
BRDA:75,5,0,2
BRDA:75,5,1,2
BRDA:110,6,0,2
BRDA:110,6,1,4
BRDA:116,7,0,2
BRDA:116,7,1,2
BRDA:129,8,0,3
BRDA:129,8,1,7
BRDA:149,9,0,2
BRDA:149,9,1,2
BRF:20
BRH:18
end_of_record
TN:
SF:src\modules\auth\auth.validation.js
FNF:0
FNH:0
DA:1,1
DA:3,1
DA:15,1
DA:21,1
LF:4
LH:4
BRF:0
BRH:0
end_of_record
TN:
SF:src\modules\companies\company.controller.js
FN:7,(anonymous_0)
FN:18,(anonymous_1)
FN:27,(anonymous_2)
FN:36,(anonymous_3)
FN:47,(anonymous_4)
FNF:5
FNH:5
FNDA:3,(anonymous_0)
FNDA:2,(anonymous_1)
FNDA:2,(anonymous_2)
FNDA:3,(anonymous_3)
FNDA:3,(anonymous_4)
DA:1,1
DA:3,1
DA:5,1
DA:7,1
DA:8,3
DA:10,1
DA:12,1
DA:18,1
DA:19,2
DA:21,2
DA:27,1
DA:28,2
DA:30,2
DA:36,1
DA:37,3
DA:39,3
DA:41,1
DA:47,1
DA:48,3
DA:50,1
DA:56,1
LF:21
LH:21
BRF:0
BRH:0
end_of_record
TN:
SF:src\modules\companies\company.model.js
FNF:0
FNH:0
DA:1,5
DA:3,5
DA:5,5
DA:50,5
LF:4
LH:4
BRF:0
BRH:0
end_of_record
TN:
SF:src\modules\companies\company.route.js
FNF:0
FNH:0
DA:1,1
DA:3,1
DA:11,1
DA:13,1
DA:19,1
DA:21,1
DA:27,1
DA:29,1
DA:31,1
DA:33,1
LF:10
LH:10
BRF:0
BRH:0
end_of_record
TN:
SF:src\modules\companies\company.service.js
FN:4,(anonymous_0)
FN:13,(anonymous_1)
FN:17,(anonymous_2)
FN:21,(anonymous_3)
FN:41,(anonymous_4)
FNF:5
FNH:5
FNDA:2,(anonymous_0)
FNDA:2,(anonymous_1)
FNDA:2,(anonymous_2)
FNDA:4,(anonymous_3)
FNDA:4,(anonymous_4)
DA:1,2
DA:2,2
DA:4,2
DA:5,2
DA:10,1
DA:13,2
DA:14,2
DA:17,2
DA:18,2
DA:21,2
DA:22,4
DA:24,4
DA:25,1
DA:32,3
DA:33,2
DA:36,1
DA:38,1
DA:41,2
DA:42,4
DA:44,4
DA:45,1
DA:48,3
DA:49,2
DA:52,1
DA:54,1
DA:57,2
LF:26
LH:26
BRDA:24,0,0,1
BRDA:24,0,1,3
BRDA:32,1,0,2
BRDA:32,1,1,1
BRDA:44,2,0,1
BRDA:44,2,1,3
BRDA:48,3,0,2
BRDA:48,3,1,1
BRF:8
BRH:8
end_of_record
TN:
SF:src\modules\companies\company.validation.js
FNF:0
FNH:0
DA:1,1
DA:3,1
DA:15,1
DA:17,1
LF:4
LH:4
BRF:0
BRH:0
end_of_record
TN:
SF:src\modules\jobListings\jobListing.controller.js
FN:7,(anonymous_0)
FN:18,(anonymous_1)
FN:32,(anonymous_2)
FN:41,(anonymous_3)
FN:52,(anonymous_4)
FNF:5
FNH:5
FNDA:6,(anonymous_0)
FNDA:2,(anonymous_1)
FNDA:2,(anonymous_2)
FNDA:2,(anonymous_3)
FNDA:2,(anonymous_4)
DA:1,1
DA:3,1
DA:5,1
DA:7,1
DA:8,6
DA:10,3
DA:12,1
DA:18,1
DA:19,2
DA:20,2
DA:26,2
DA:32,1
DA:33,2
DA:35,1
DA:41,1
DA:42,2
DA:44,2
DA:46,1
DA:52,1
DA:53,2
DA:55,1
DA:61,1
LF:22
LH:22
BRF:0
BRH:0
end_of_record
TN:
SF:src\modules\jobListings\jobListing.model.js
FNF:0
FNH:0
DA:1,3
DA:3,3
DA:5,3
DA:64,3
LF:4
LH:4
BRF:0
BRH:0
end_of_record
TN:
SF:src\modules\jobListings\jobListing.route.js
FNF:0
FNH:0
DA:1,1
DA:3,1
DA:5,1
DA:13,1
DA:15,1
DA:17,1
DA:19,1
DA:21,1
DA:23,1
DA:25,1
DA:27,1
LF:11
LH:11
BRF:0
BRH:0
end_of_record
TN:
SF:src\modules\jobListings\jobListing.service.js
FN:9,(anonymous_0)
FN:29,(anonymous_1)
FN:85,(anonymous_2)
FN:199,(anonymous_3)
FN:215,(anonymous_4)
FN:237,(anonymous_5)
FNF:6
FNH:6
FNDA:5,(anonymous_0)
FNDA:2,(anonymous_1)
FNDA:5,(anonymous_2)
FNDA:3,(anonymous_3)
FNDA:3,(anonymous_4)
FNDA:3,(anonymous_5)
DA:1,2
DA:2,2
DA:4,2
DA:5,2
DA:6,2
DA:7,2
DA:9,2
DA:10,5
DA:12,5
DA:13,2
DA:20,3
DA:21,2
DA:24,1
DA:26,1
DA:29,2
DA:30,2
DA:31,2
DA:33,2
DA:47,2
DA:48,1
DA:59,1
DA:78,2
DA:79,2
DA:81,2
DA:82,2
DA:85,2
DA:86,5
DA:87,5
DA:92,5
DA:93,5
DA:94,5
DA:112,5
DA:113,1
DA:124,1
DA:148,5
DA:149,1
DA:161,5
DA:167,5
DA:169,5
DA:171,5
DA:172,1
DA:175,5
DA:177,5
DA:178,1
DA:180,1
DA:188,5
DA:190,5
DA:199,2
DA:200,3
DA:208,3
DA:209,2
DA:212,1
DA:215,2
DA:216,3
DA:224,3
DA:225,1
DA:228,2
DA:229,1
DA:232,1
DA:234,1
DA:237,2
DA:238,3
DA:246,3
DA:247,1
DA:250,2
DA:251,1
DA:254,1
DA:256,1
DA:259,2
LF:69
LH:69
BRDA:12,0,0,2
BRDA:12,0,1,3
BRDA:20,1,0,2
BRDA:20,1,1,1
BRDA:30,2,0,0
BRDA:30,3,0,0
BRDA:47,4,0,1
BRDA:47,4,1,1
BRDA:86,5,0,0
BRDA:112,6,0,1
BRDA:112,6,1,4
BRDA:148,7,0,1
BRDA:148,7,1,4
BRDA:148,8,0,5
BRDA:148,8,1,1
BRDA:171,9,0,1
BRDA:171,9,1,4
BRDA:177,10,0,1
BRDA:177,10,1,4
BRDA:177,11,0,5
BRDA:177,11,1,1
BRDA:208,12,0,2
BRDA:208,12,1,1
BRDA:224,13,0,1
BRDA:224,13,1,2
BRDA:228,14,0,1
BRDA:228,14,1,1
BRDA:246,15,0,1
BRDA:246,15,1,2
BRDA:250,16,0,1
BRDA:250,16,1,1
BRF:31
BRH:28
end_of_record
TN:
SF:src\modules\jobListings\jobListing.validation.js
FNF:0
FNH:0
DA:1,1
DA:3,1
DA:19,1
DA:21,1
LF:4
LH:4
BRF:0
BRH:0
end_of_record
TN:
SF:src\modules\posts\postMedia.model.js
FNF:0
FNH:0
DA:1,1
DA:2,1
DA:4,1
DA:87,1
LF:4
LH:4
BRF:0
BRH:0
end_of_record
TN:
SF:src\modules\posts\posts.controller.js
FN:7,(anonymous_0)
FN:18,(anonymous_1)
FN:32,(anonymous_2)
FN:41,(anonymous_3)
FN:52,(anonymous_4)
FNF:5
FNH:5
FNDA:5,(anonymous_0)
FNDA:2,(anonymous_1)
FNDA:2,(anonymous_2)
FNDA:2,(anonymous_3)
FNDA:3,(anonymous_4)
DA:1,1
DA:3,1
DA:5,1
DA:7,1
DA:8,5
DA:10,1
DA:12,1
DA:18,1
DA:19,2
DA:20,2
DA:26,2
DA:32,1
DA:33,2
DA:35,1
DA:41,1
DA:42,2
DA:44,2
DA:46,1
DA:52,1
DA:53,3
DA:55,2
DA:61,1
LF:22
LH:22
BRF:0
BRH:0
end_of_record
TN:
SF:src\modules\posts\posts.model.js
FNF:0
FNH:0
DA:1,1
DA:2,1
DA:4,1
DA:52,1
LF:4
LH:4
BRF:0
BRH:0
end_of_record
TN:
SF:src\modules\posts\posts.route.js
FNF:0
FNH:0
DA:1,1
DA:3,1
DA:11,1
DA:13,1
DA:15,1
DA:17,1
DA:19,1
DA:21,1
DA:23,1
DA:25,1
LF:10
LH:10
BRF:0
BRH:0
end_of_record
TN:
SF:src\modules\posts\posts.service.js
FN:37,(anonymous_0)
FN:69,(anonymous_1)
FN:91,(anonymous_2)
FN:106,(anonymous_3)
FN:112,(anonymous_4)
FN:125,(anonymous_5)
FN:185,(anonymous_6)
FN:200,(anonymous_7)
FN:216,(anonymous_8)
FNF:9
FNH:9
FNDA:4,(anonymous_0)
FNDA:4,(anonymous_1)
FNDA:19,(anonymous_2)
FNDA:3,(anonymous_3)
FNDA:3,(anonymous_4)
FNDA:3,(anonymous_5)
FNDA:7,(anonymous_6)
FNDA:4,(anonymous_7)
FNDA:4,(anonymous_8)
DA:1,2
DA:2,2
DA:3,2
DA:4,2
DA:5,2
DA:6,2
DA:7,2
DA:8,2
DA:9,2
DA:11,2
DA:12,2
DA:14,2
DA:25,2
DA:32,2
DA:37,2
DA:38,4
DA:40,4
DA:41,1
DA:46,3
DA:47,3
DA:49,1
DA:52,2
DA:53,2
DA:60,2
DA:61,5
DA:62,1
DA:66,1
DA:69,2
DA:70,4
DA:72,4
DA:73,2
DA:76,2
DA:81,2
DA:85,2
DA:91,2
DA:92,19
DA:94,19
DA:95,15
DA:98,4
DA:100,4
DA:106,2
DA:107,3
DA:109,3
DA:111,3
DA:112,3
DA:117,2
DA:120,3
DA:122,3
DA:125,2
DA:126,3
DA:127,3
DA:131,3
DA:133,3
DA:137,3
DA:138,1
DA:150,3
DA:156,3
DA:157,3
DA:159,3
DA:160,1
DA:163,3
DA:165,3
DA:166,1
DA:168,1
DA:174,3
DA:176,3
DA:185,2
DA:186,7
DA:193,7
DA:194,2
DA:197,5
DA:200,2
DA:201,4
DA:203,4
DA:204,1
DA:207,3
DA:208,2
DA:211,1
DA:213,1
DA:216,2
DA:217,4
DA:219,4
DA:220,1
DA:223,3
DA:224,1
DA:227,2
DA:228,1
DA:230,1
DA:233,2
DA:236,2
LF:90
LH:90
BRDA:11,0,0,2
BRDA:11,0,1,0
BRDA:38,1,0,0
BRDA:38,1,1,4
BRDA:40,2,0,1
BRDA:40,2,1,3
BRDA:61,3,0,1
BRDA:61,3,1,4
BRDA:72,4,0,2
BRDA:72,4,1,2
BRDA:92,5,0,19
BRDA:92,5,1,0
BRDA:94,6,0,15
BRDA:94,6,1,4
BRDA:111,7,0,2
BRDA:111,7,1,1
BRDA:111,8,0,3
BRDA:111,8,1,2
BRDA:115,9,0,3
BRDA:115,9,1,3
BRDA:126,10,0,0
BRDA:137,11,0,1
BRDA:137,11,1,2
BRDA:159,12,0,1
BRDA:159,12,1,2
BRDA:165,13,0,1
BRDA:165,13,1,2
BRDA:165,14,0,3
BRDA:165,14,1,1
BRDA:193,15,0,2
BRDA:193,15,1,5
BRDA:203,16,0,1
BRDA:203,16,1,3
BRDA:207,17,0,2
BRDA:207,17,1,1
BRDA:219,18,0,1
BRDA:219,18,1,3
BRDA:223,19,0,1
BRDA:223,19,1,2
BRDA:227,20,0,1
BRDA:227,20,1,1
BRF:41
BRH:37
end_of_record
TN:
SF:src\modules\posts\posts.validation.js
FNF:0
FNH:0
DA:1,1
DA:3,1
DA:16,1
DA:23,1
DA:28,1
LF:5
LH:5
BRF:0
BRH:0
end_of_record
TN:
SF:src\modules\roles\role.model.js
FNF:0
FNH:0
DA:1,2
DA:3,2
DA:5,2
DA:30,2
LF:4
LH:4
BRF:0
BRH:0
end_of_record
TN:
SF:src\modules\uploads\upload.controller.js
FN:14,(anonymous_0)
FNF:1
FNH:1
FNDA:8,(anonymous_0)
DA:1,1
DA:2,1
DA:3,1
DA:14,1
DA:15,8
DA:17,3
DA:22,2
DA:28,1
LF:8
LH:8
BRF:0
BRH:0
end_of_record
TN:
SF:src\modules\uploads\upload.route.js
FNF:0
FNH:0
DA:1,1
DA:2,1
DA:3,1
DA:5,1
DA:15,1
DA:17,1
LF:6
LH:6
BRF:0
BRH:0
end_of_record
TN:
SF:src\modules\uploads\upload.service.js
FN:40,(anonymous_0)
FNF:1
FNH:1
FNDA:8,(anonymous_0)
DA:1,2
DA:5,2
DA:6,2
DA:7,2
DA:11,2
DA:25,2
DA:27,2
DA:40,2
DA:44,8
DA:46,8
DA:50,8
DA:52,8
DA:54,8
DA:60,8
DA:64,6
DA:70,2
DA:76,2
LF:17
LH:17
BRDA:25,0,0,2
BRDA:25,0,1,2
BRDA:46,1,0,8
BRDA:46,1,1,2
BRDA:46,1,2,0
BRF:5
BRH:4
end_of_record
TN:
SF:src\modules\uploads\upload.validation.js
FN:26,(anonymous_0)
FNF:1
FNH:1
FNDA:8,(anonymous_0)
DA:1,1
DA:2,1
DA:5,1
DA:21,1
DA:26,8
DA:48,1
LF:6
LH:6
BRF:0
BRH:0
end_of_record
TN:
SF:src\modules\users\user.model.js
FN:32,(anonymous_0)
FNF:1
FNH:1
FNDA:1,(anonymous_0)
DA:1,7
DA:2,7
DA:4,7
DA:33,1
DA:56,7
LF:5
LH:5
BRF:0
BRH:0
end_of_record
TN:
SF:src\queues\email.queue.js
FN:20,getEmailQueue
FN:62,enqueueStatusEmail
FN:93,closeEmailQueue
FN:106,(anonymous_3)
FNF:4
FNH:4
FNDA:6,getEmailQueue
FNDA:2,enqueueStatusEmail
FNDA:2,closeEmailQueue
FNDA:1,(anonymous_3)
DA:11,8
DA:12,8
DA:13,8
DA:15,8
DA:21,6
DA:23,5
DA:25,5
DA:43,6
DA:69,2
DA:70,2
DA:72,2
DA:90,2
DA:94,2
DA:95,1
DA:96,1
DA:99,2
DA:100,1
DA:101,1
DA:105,8
DA:107,1
LF:20
LH:20
BRDA:15,0,0,8
BRDA:15,0,1,8
BRDA:21,1,0,5
BRDA:21,1,1,1
BRDA:28,2,0,5
BRDA:28,2,1,5
BRDA:31,3,0,5
BRDA:31,3,1,5
BRDA:67,4,0,1
BRDA:94,5,0,1
BRDA:94,5,1,1
BRDA:99,6,0,1
BRDA:99,6,1,1
BRF:13
BRH:13
end_of_record
TN:
SF:src\shared\constants\applicationStatus.js
FNF:0
FNH:0
DA:1,3
DA:9,3
DA:17,3
LF:3
LH:3
BRF:0
BRH:0
end_of_record
TN:
SF:src\shared\utils\asyncHandler.js
FN:1,(anonymous_0)
FN:2,(anonymous_1)
FNF:2
FNH:2
FNDA:25,(anonymous_0)
FNDA:81,(anonymous_1)
DA:1,6
DA:2,25
DA:3,81
DA:7,6
LF:4
LH:4
BRF:0
BRH:0
end_of_record
TN:
SF:src\shared\utils\errors.js
FN:2,(anonymous_0)
FN:12,(anonymous_1)
FN:18,(anonymous_2)
FN:24,(anonymous_3)
FN:30,(anonymous_4)
FN:36,(anonymous_5)
FN:42,(anonymous_6)
FN:48,(anonymous_7)
FNF:8
FNH:8
FNDA:86,(anonymous_0)
FNDA:10,(anonymous_1)
FNDA:14,(anonymous_2)
FNDA:21,(anonymous_3)
FNDA:30,(anonymous_4)
FNDA:7,(anonymous_5)
FNDA:1,(anonymous_6)
FNDA:1,(anonymous_7)
DA:3,86
DA:4,86
DA:5,86
DA:6,86
DA:7,86
DA:13,10
DA:19,14
DA:25,21
DA:31,30
DA:37,7
DA:43,1
DA:49,1
DA:53,20
LF:13
LH:13
BRDA:12,0,0,1
BRDA:18,1,0,1
BRDA:24,2,0,1
BRDA:30,3,0,1
BRDA:36,4,0,1
BRDA:42,5,0,1
BRDA:48,6,0,1
BRF:7
BRH:7
end_of_record
TN:
SF:src\utils\cursor.js
FN:1,(anonymous_0)
FN:10,(anonymous_1)
FNF:2
FNH:2
FNDA:1,(anonymous_0)
FNDA:5,(anonymous_1)
DA:1,5
DA:2,1
DA:10,5
DA:11,5
DA:13,2
DA:14,2
DA:16,1
DA:20,5
LF:8
LH:8
BRDA:11,0,0,3
BRDA:11,0,1,2
BRF:2
BRH:2
end_of_record
